{"/home/travis/build/npmtest/node-npmtest-generator-polymer-gulp/test.js":{"path":"/home/travis/build/npmtest/node-npmtest-generator-polymer-gulp/test.js","s":{"1":2,"2":2,"3":2,"4":2,"5":2,"6":2,"7":2,"8":1,"9":2,"10":2,"11":1,"12":1,"13":1,"14":1,"15":2,"16":2,"17":2,"18":2,"19":1,"20":1,"21":2,"22":2,"23":2,"24":1,"25":1,"26":1,"27":1,"28":1,"29":1,"30":1,"31":1,"32":1,"33":1,"34":1,"35":1,"36":1,"37":1,"38":1,"39":2,"40":2,"41":1,"42":2,"43":2,"44":1,"45":2,"46":2,"47":1,"48":2,"49":2,"50":1,"51":1,"52":1,"53":1,"54":1},"b":{"1":[2,1,1,1],"2":[1,1,1,1],"3":[1,1],"4":[1,1],"5":[1,1],"6":[1,1],"7":[1,1],"8":[1,1],"9":[1,1],"10":[1,1,1],"11":[1,1],"12":[1,1],"13":[1,1],"14":[1,1],"15":[1,1],"16":[1,1],"17":[1,1]},"f":{"1":2,"2":2,"3":2,"4":2,"5":2,"6":1,"7":1,"8":1,"9":2,"10":2,"11":2,"12":2,"13":1},"fnMap":{"1":{"name":"(anonymous_1)","line":12,"loc":{"start":{"line":12,"column":1},"end":{"line":12,"column":13}}},"2":{"name":"(anonymous_2)","line":19,"loc":{"start":{"line":19,"column":5},"end":{"line":19,"column":17}}},"3":{"name":"(anonymous_3)","line":23,"loc":{"start":{"line":23,"column":24},"end":{"line":23,"column":36}}},"4":{"name":"(anonymous_4)","line":61,"loc":{"start":{"line":61,"column":5},"end":{"line":61,"column":17}}},"5":{"name":"(anonymous_5)","line":82,"loc":{"start":{"line":82,"column":5},"end":{"line":82,"column":17}}},"6":{"name":"(anonymous_6)","line":91,"loc":{"start":{"line":91,"column":77},"end":{"line":94,"column":10}}},"7":{"name":"(anonymous_7)","line":112,"loc":{"start":{"line":112,"column":83},"end":{"line":115,"column":10}},"skip":true},"8":{"name":"(anonymous_8)","line":123,"loc":{"start":{"line":123,"column":77},"end":{"line":126,"column":10}},"skip":true},"9":{"name":"(anonymous_9)","line":139,"loc":{"start":{"line":139,"column":12},"end":{"line":139,"column":40}},"skip":true},"10":{"name":"(anonymous_10)","line":147,"loc":{"start":{"line":147,"column":77},"end":{"line":150,"column":10}},"skip":true},"11":{"name":"(anonymous_11)","line":158,"loc":{"start":{"line":158,"column":83},"end":{"line":161,"column":10}},"skip":true},"12":{"name":"(anonymous_12)","line":169,"loc":{"start":{"line":169,"column":79},"end":{"line":172,"column":10}},"skip":true},"13":{"name":"(anonymous_13)","line":180,"loc":{"start":{"line":180,"column":75},"end":{"line":183,"column":10}},"skip":true}},"statementMap":{"1":{"start":{"line":12,"column":0},"end":{"line":195,"column":5}},"2":{"start":{"line":14,"column":4},"end":{"line":14,"column":14}},"3":{"start":{"line":19,"column":4},"end":{"line":56,"column":9}},"4":{"start":{"line":21,"column":8},"end":{"line":21,"column":19}},"5":{"start":{"line":23,"column":8},"end":{"line":35,"column":13}},"6":{"start":{"line":24,"column":12},"end":{"line":34,"column":13}},"7":{"start":{"line":25,"column":16},"end":{"line":28,"column":30}},"8":{"start":{"line":30,"column":16},"end":{"line":33,"column":27}},"9":{"start":{"line":37,"column":8},"end":{"line":39,"column":21}},"10":{"start":{"line":40,"column":8},"end":{"line":53,"column":9}},"11":{"start":{"line":43,"column":12},"end":{"line":46,"column":14}},"12":{"start":{"line":47,"column":12},"end":{"line":47,"column":18}},"13":{"start":{"line":50,"column":12},"end":{"line":51,"column":33}},"14":{"start":{"line":52,"column":12},"end":{"line":52,"column":18}},"15":{"start":{"line":55,"column":8},"end":{"line":55,"column":35}},"16":{"start":{"line":61,"column":4},"end":{"line":63,"column":9}},"17":{"start":{"line":62,"column":8},"end":{"line":62,"column":15}},"18":{"start":{"line":64,"column":4},"end":{"line":77,"column":5}},"19":{"start":{"line":70,"column":8},"end":{"line":70,"column":14}},"20":{"start":{"line":76,"column":8},"end":{"line":76,"column":14}},"21":{"start":{"line":82,"column":4},"end":{"line":84,"column":9}},"22":{"start":{"line":83,"column":8},"end":{"line":83,"column":15}},"23":{"start":{"line":85,"column":4},"end":{"line":194,"column":5}},"24":{"start":{"line":91,"column":8},"end":{"line":99,"column":10}},"25":{"start":{"line":98,"column":12},"end":{"line":98,"column":35}},"26":{"start":{"line":102,"column":8},"end":{"line":104,"column":63}},"27":{"start":{"line":105,"column":8},"end":{"line":105,"column":14}},"28":{"start":{"line":112,"column":8},"end":{"line":121,"column":10},"skip":true},"29":{"start":{"line":119,"column":12},"end":{"line":119,"column":55},"skip":true},"30":{"start":{"line":120,"column":12},"end":{"line":120,"column":48},"skip":true},"31":{"start":{"line":123,"column":8},"end":{"line":136,"column":10},"skip":true},"32":{"start":{"line":130,"column":12},"end":{"line":130,"column":76},"skip":true},"33":{"start":{"line":131,"column":12},"end":{"line":131,"column":73},"skip":true},"34":{"start":{"line":132,"column":12},"end":{"line":132,"column":74},"skip":true},"35":{"start":{"line":133,"column":12},"end":{"line":133,"column":79},"skip":true},"36":{"start":{"line":134,"column":12},"end":{"line":134,"column":25},"skip":true},"37":{"start":{"line":135,"column":12},"end":{"line":135,"column":45},"skip":true},"38":{"start":{"line":138,"column":8},"end":{"line":145,"column":14},"skip":true},"39":{"start":{"line":143,"column":16},"end":{"line":143,"column":29},"skip":true},"40":{"start":{"line":144,"column":16},"end":{"line":144,"column":55},"skip":true},"41":{"start":{"line":147,"column":8},"end":{"line":156,"column":10},"skip":true},"42":{"start":{"line":154,"column":12},"end":{"line":154,"column":25},"skip":true},"43":{"start":{"line":155,"column":12},"end":{"line":155,"column":45},"skip":true},"44":{"start":{"line":158,"column":8},"end":{"line":167,"column":10},"skip":true},"45":{"start":{"line":165,"column":12},"end":{"line":165,"column":25},"skip":true},"46":{"start":{"line":166,"column":12},"end":{"line":166,"column":48},"skip":true},"47":{"start":{"line":169,"column":8},"end":{"line":178,"column":10},"skip":true},"48":{"start":{"line":176,"column":12},"end":{"line":176,"column":25},"skip":true},"49":{"start":{"line":177,"column":12},"end":{"line":177,"column":46},"skip":true},"50":{"start":{"line":180,"column":8},"end":{"line":189,"column":10},"skip":true},"51":{"start":{"line":187,"column":12},"end":{"line":187,"column":94},"skip":true},"52":{"start":{"line":188,"column":12},"end":{"line":188,"column":48},"skip":true},"53":{"start":{"line":192,"column":8},"end":{"line":192,"column":35},"skip":true},"54":{"start":{"line":193,"column":8},"end":{"line":193,"column":14},"skip":true}},"branchMap":{"1":{"line":25,"type":"binary-expr","locations":[{"start":{"line":25,"column":23},"end":{"line":25,"column":62}},{"start":{"line":26,"column":20},"end":{"line":26,"column":70}},{"start":{"line":27,"column":20},"end":{"line":27,"column":71}},{"start":{"line":28,"column":20},"end":{"line":28,"column":29}}]},"2":{"line":30,"type":"binary-expr","locations":[{"start":{"line":30,"column":23},"end":{"line":30,"column":37}},{"start":{"line":31,"column":20},"end":{"line":31,"column":61}},{"start":{"line":32,"column":20},"end":{"line":32,"column":70}},{"start":{"line":33,"column":20},"end":{"line":33,"column":26}}]},"3":{"line":37,"type":"cond-expr","locations":[{"start":{"line":38,"column":14},"end":{"line":38,"column":20}},{"start":{"line":39,"column":14},"end":{"line":39,"column":20}}]},"4":{"line":40,"type":"switch","locations":[{"start":{"line":42,"column":8},"end":{"line":47,"column":18}},{"start":{"line":49,"column":8},"end":{"line":52,"column":18}}]},"5":{"line":44,"type":"binary-expr","locations":[{"start":{"line":44,"column":16},"end":{"line":44,"column":44}},{"start":{"line":44,"column":48},"end":{"line":44,"column":66}}]},"6":{"line":50,"type":"binary-expr","locations":[{"start":{"line":50,"column":21},"end":{"line":50,"column":49}},{"start":{"line":50,"column":53},"end":{"line":50,"column":72}}]},"7":{"line":64,"type":"switch","locations":[{"start":{"line":69,"column":4},"end":{"line":70,"column":14}},{"start":{"line":75,"column":4},"end":{"line":76,"column":14}}]},"8":{"line":85,"type":"switch","locations":[{"start":{"line":90,"column":4},"end":{"line":105,"column":14}},{"start":{"line":111,"column":4},"end":{"line":193,"column":14},"skip":true}]},"9":{"line":91,"type":"binary-expr","locations":[{"start":{"line":91,"column":42},"end":{"line":91,"column":73}},{"start":{"line":91,"column":77},"end":{"line":99,"column":9}}]},"10":{"line":102,"type":"binary-expr","locations":[{"start":{"line":102,"column":18},"end":{"line":102,"column":32}},{"start":{"line":103,"column":12},"end":{"line":103,"column":53}},{"start":{"line":104,"column":12},"end":{"line":104,"column":61}}]},"11":{"line":112,"type":"binary-expr","locations":[{"start":{"line":112,"column":45},"end":{"line":112,"column":79},"skip":true},{"start":{"line":112,"column":83},"end":{"line":121,"column":9},"skip":true}]},"12":{"line":123,"type":"binary-expr","locations":[{"start":{"line":123,"column":42},"end":{"line":123,"column":73},"skip":true},{"start":{"line":123,"column":77},"end":{"line":136,"column":9},"skip":true}]},"13":{"line":138,"type":"binary-expr","locations":[{"start":{"line":138,"column":48},"end":{"line":138,"column":85},"skip":true},{"start":{"line":139,"column":12},"end":{"line":145,"column":13},"skip":true}]},"14":{"line":147,"type":"binary-expr","locations":[{"start":{"line":147,"column":42},"end":{"line":147,"column":73},"skip":true},{"start":{"line":147,"column":77},"end":{"line":156,"column":9},"skip":true}]},"15":{"line":158,"type":"binary-expr","locations":[{"start":{"line":158,"column":45},"end":{"line":158,"column":79},"skip":true},{"start":{"line":158,"column":83},"end":{"line":167,"column":9},"skip":true}]},"16":{"line":169,"type":"binary-expr","locations":[{"start":{"line":169,"column":43},"end":{"line":169,"column":75},"skip":true},{"start":{"line":169,"column":79},"end":{"line":178,"column":9},"skip":true}]},"17":{"line":180,"type":"binary-expr","locations":[{"start":{"line":180,"column":41},"end":{"line":180,"column":71},"skip":true},{"start":{"line":180,"column":75},"end":{"line":189,"column":9},"skip":true}]}},"code":["/* istanbul instrument in package npmtest_generator_polymer_gulp */","/*jslint","    bitwise: true,","    browser: true,","    maxerr: 8,","    maxlen: 96,","    node: true,","    nomen: true,","    regexp: true,","    stupid: true","*/","(function () {","    'use strict';","    var local;","","","","    // run shared js-env code - pre-init","    (function () {","        // init local","        local = {};","        // init modeJs","        local.modeJs = (function () {","            try {","                return typeof navigator.userAgent === 'string' &&","                    typeof document.querySelector('body') === 'object' &&","                    typeof XMLHttpRequest.prototype.open === 'function' &&","                    'browser';","            } catch (errorCaughtBrowser) {","                return module.exports &&","                    typeof process.versions.node === 'string' &&","                    typeof require('http').createServer === 'function' &&","                    'node';","            }","        }());","        // init global","        local.global = local.modeJs === 'browser'","            ? window","            : global;","        switch (local.modeJs) {","        // re-init local from window.local","        case 'browser':","            local = local.global.utility2.objectSetDefault(","                local.global.utility2_rollup || local.global.local,","                local.global.utility2","            );","            break;","        // re-init local from example.js","        case 'node':","            local = (local.global.utility2_rollup || require('utility2'))","                .requireReadme();","            break;","        }","        // export local","        local.global.local = local;","    }());","","","","    // run shared js-env code - function","    (function () {","        return;","    }());","    switch (local.modeJs) {","","","","    // run browser js-env code - function","    case 'browser':","        break;","","","","    // run node js-env code - function","    case 'node':","        break;","    }","","","","    // run shared js-env code - post-init","    (function () {","        return;","    }());","    switch (local.modeJs) {","","","","    // run browser js-env code - post-init","    case 'browser':","        local.testCase_browser_nullCase = local.testCase_browser_nullCase || function (","            options,","            onError","        ) {","        /*","         * this function will test browsers's null-case handling-behavior-behavior","         */","            onError(null, options);","        };","","        // run tests","        local.nop(local.modeTest &&","            document.querySelector('#testRunButton1') &&","            document.querySelector('#testRunButton1').click());","        break;","","","","    // run node js-env code - post-init","    /* istanbul ignore next */","    case 'node':","        local.testCase_buildApidoc_default = local.testCase_buildApidoc_default || function (","            options,","            onError","        ) {","        /*","         * this function will test buildApidoc's default handling-behavior-behavior","         */","            options = { modulePathList: module.paths };","            local.buildApidoc(options, onError);","        };","","        local.testCase_buildApp_default = local.testCase_buildApp_default || function (","            options,","            onError","        ) {","        /*","         * this function will test buildApp's default handling-behavior-behavior","         */","            local.testCase_buildReadme_default(options, local.onErrorThrow);","            local.testCase_buildLib_default(options, local.onErrorThrow);","            local.testCase_buildTest_default(options, local.onErrorThrow);","            local.testCase_buildCustomOrg_default(options, local.onErrorThrow);","            options = [];","            local.buildApp(options, onError);","        };","","        local.testCase_buildCustomOrg_default = local.testCase_buildCustomOrg_default ||","            function (options, onError) {","            /*","             * this function will test buildCustomOrg's default handling-behavior","             */","                options = {};","                local.buildCustomOrg(options, onError);","            };","","        local.testCase_buildLib_default = local.testCase_buildLib_default || function (","            options,","            onError","        ) {","        /*","         * this function will test buildLib's default handling-behavior","         */","            options = {};","            local.buildLib(options, onError);","        };","","        local.testCase_buildReadme_default = local.testCase_buildReadme_default || function (","            options,","            onError","        ) {","        /*","         * this function will test buildReadme's default handling-behavior-behavior","         */","            options = {};","            local.buildReadme(options, onError);","        };","","        local.testCase_buildTest_default = local.testCase_buildTest_default || function (","            options,","            onError","        ) {","        /*","         * this function will test buildTest's default handling-behavior","         */","            options = {};","            local.buildTest(options, onError);","        };","","        local.testCase_webpage_default = local.testCase_webpage_default || function (","            options,","            onError","        ) {","        /*","         * this function will test webpage's default handling-behavior","         */","            options = { modeCoverageMerge: true, url: local.serverLocalHost + '?modeTest=1' };","            local.browserTest(options, onError);","        };","","        // run test-server","        local.testRunServer(local);","        break;","    }","}());",""],"l":{"12":2,"14":2,"19":2,"21":2,"23":2,"24":2,"25":2,"30":1,"37":2,"40":2,"43":1,"47":1,"50":1,"52":1,"55":2,"61":2,"62":2,"64":2,"70":1,"76":1,"82":2,"83":2,"85":2,"91":1,"98":1,"102":1,"105":1,"112":1,"119":1,"120":1,"123":1,"130":1,"131":1,"132":1,"133":1,"134":1,"135":1,"138":1,"143":2,"144":2,"147":1,"154":2,"155":2,"158":1,"165":2,"166":2,"169":1,"176":2,"177":2,"180":1,"187":1,"188":1,"192":1,"193":1}},"/home/travis/build/npmtest/node-npmtest-generator-polymer-gulp/lib.npmtest_generator_polymer_gulp.js":{"path":"/home/travis/build/npmtest/node-npmtest-generator-polymer-gulp/lib.npmtest_generator_polymer_gulp.js","s":{"1":2,"2":2,"3":2,"4":2,"5":2,"6":2,"7":2,"8":1,"9":2,"10":2,"11":2,"12":2,"13":1,"14":1,"15":1,"16":1},"b":{"1":[2,1,1,1],"2":[1,1,1,1],"3":[1,1],"4":[2,2],"5":[1,1]},"f":{"1":2,"2":2,"3":2},"fnMap":{"1":{"name":"(anonymous_1)","line":12,"loc":{"start":{"line":12,"column":1},"end":{"line":12,"column":13}}},"2":{"name":"(anonymous_2)","line":19,"loc":{"start":{"line":19,"column":5},"end":{"line":19,"column":17}}},"3":{"name":"(anonymous_3)","line":23,"loc":{"start":{"line":23,"column":24},"end":{"line":23,"column":36}}}},"statementMap":{"1":{"start":{"line":12,"column":0},"end":{"line":53,"column":5}},"2":{"start":{"line":14,"column":4},"end":{"line":14,"column":14}},"3":{"start":{"line":19,"column":4},"end":{"line":52,"column":9}},"4":{"start":{"line":21,"column":8},"end":{"line":21,"column":19}},"5":{"start":{"line":23,"column":8},"end":{"line":35,"column":13}},"6":{"start":{"line":24,"column":12},"end":{"line":34,"column":13}},"7":{"start":{"line":25,"column":16},"end":{"line":28,"column":30}},"8":{"start":{"line":30,"column":16},"end":{"line":33,"column":27}},"9":{"start":{"line":37,"column":8},"end":{"line":39,"column":21}},"10":{"start":{"line":41,"column":8},"end":{"line":41,"column":54}},"11":{"start":{"line":43,"column":8},"end":{"line":43,"column":67}},"12":{"start":{"line":45,"column":8},"end":{"line":51,"column":9}},"13":{"start":{"line":46,"column":12},"end":{"line":46,"column":73}},"14":{"start":{"line":48,"column":12},"end":{"line":48,"column":35}},"15":{"start":{"line":49,"column":12},"end":{"line":49,"column":49}},"16":{"start":{"line":50,"column":12},"end":{"line":50,"column":43}}},"branchMap":{"1":{"line":25,"type":"binary-expr","locations":[{"start":{"line":25,"column":23},"end":{"line":25,"column":62}},{"start":{"line":26,"column":20},"end":{"line":26,"column":70}},{"start":{"line":27,"column":20},"end":{"line":27,"column":71}},{"start":{"line":28,"column":20},"end":{"line":28,"column":29}}]},"2":{"line":30,"type":"binary-expr","locations":[{"start":{"line":30,"column":23},"end":{"line":30,"column":37}},{"start":{"line":31,"column":20},"end":{"line":31,"column":61}},{"start":{"line":32,"column":20},"end":{"line":32,"column":70}},{"start":{"line":33,"column":20},"end":{"line":33,"column":26}}]},"3":{"line":37,"type":"cond-expr","locations":[{"start":{"line":38,"column":14},"end":{"line":38,"column":20}},{"start":{"line":39,"column":14},"end":{"line":39,"column":20}}]},"4":{"line":41,"type":"binary-expr","locations":[{"start":{"line":41,"column":16},"end":{"line":41,"column":44}},{"start":{"line":41,"column":48},"end":{"line":41,"column":53}}]},"5":{"line":45,"type":"if","locations":[{"start":{"line":45,"column":8},"end":{"line":45,"column":8}},{"start":{"line":45,"column":8},"end":{"line":45,"column":8}}]}},"code":["/* istanbul instrument in package npmtest_generator_polymer_gulp */","/*jslint","    bitwise: true,","    browser: true,","    maxerr: 8,","    maxlen: 96,","    node: true,","    nomen: true,","    regexp: true,","    stupid: true","*/","(function () {","    'use strict';","    var local;","","","","    // run shared js-env code - pre-init","    (function () {","        // init local","        local = {};","        // init modeJs","        local.modeJs = (function () {","            try {","                return typeof navigator.userAgent === 'string' &&","                    typeof document.querySelector('body') === 'object' &&","                    typeof XMLHttpRequest.prototype.open === 'function' &&","                    'browser';","            } catch (errorCaughtBrowser) {","                return module.exports &&","                    typeof process.versions.node === 'string' &&","                    typeof require('http').createServer === 'function' &&","                    'node';","            }","        }());","        // init global","        local.global = local.modeJs === 'browser'","            ? window","            : global;","        // init utility2_rollup","        local = local.global.utility2_rollup || local;","        // init lib","        local.local = local.npmtest_generator_polymer_gulp = local;","        // init exports","        if (local.modeJs === 'browser') {","            local.global.utility2_npmtest_generator_polymer_gulp = local;","        } else {","            module.exports = local;","            module.exports.__dirname = __dirname;","            module.exports.module = module;","        }","    }());","}());",""],"l":{"12":2,"14":2,"19":2,"21":2,"23":2,"24":2,"25":2,"30":1,"37":2,"41":2,"43":2,"45":2,"46":1,"48":1,"49":1,"50":1}},"/home/travis/build/npmtest/node-npmtest-generator-polymer-gulp/example.js":{"path":"/home/travis/build/npmtest/node-npmtest-generator-polymer-gulp/example.js","s":{"1":2,"2":2,"3":2,"4":2,"5":2,"6":2,"7":2,"8":1,"9":2,"10":2,"11":2,"12":2,"13":1,"14":2,"15":2,"16":2,"17":2,"18":2,"19":0,"20":2,"21":1,"22":1,"23":1,"24":1,"25":1,"26":0,"27":0,"28":1,"29":1,"30":2,"31":0,"32":0,"33":0,"34":1,"35":2,"36":2,"37":3,"38":3,"39":3,"40":3,"41":0,"42":3,"43":3,"44":3,"45":1,"46":3,"47":1,"48":1,"49":1,"50":1,"51":1,"52":1,"53":1,"54":1,"55":1,"56":1,"57":0,"58":1,"59":6,"60":6,"61":1,"62":2,"63":0,"64":2,"65":1,"66":1,"67":0,"68":0,"69":0,"70":0,"71":0,"72":0,"73":0,"74":0,"75":0,"76":0,"77":0,"78":0,"79":0,"80":0,"81":0,"82":0,"83":0},"b":{"1":[2,1,1,1],"2":[1,1,1,1],"3":[1,1],"4":[2,2],"5":[1,1],"6":[1,1],"7":[2,0],"8":[2,1,1,1,1,1],"9":[0,2,0],"10":[1,1],"11":[2,1,1],"12":[1,0],"13":[0,2],"14":[2,0,0,0,0,0,0],"15":[0,3],"16":[3,0],"17":[1,1],"18":[0,1],"19":[1,2,0,2],"20":[1,0],"21":[1,1],"22":[0,0],"23":[0,0],"24":[0,0],"25":[0,0],"26":[0,0],"27":[0,0],"28":[0,0]},"f":{"1":2,"2":2,"3":2,"4":2,"5":2,"6":2,"7":3,"8":3,"9":3,"10":1,"11":6,"12":0},"fnMap":{"1":{"name":"(anonymous_1)","line":26,"loc":{"start":{"line":26,"column":1},"end":{"line":26,"column":13}}},"2":{"name":"(anonymous_2)","line":33,"loc":{"start":{"line":33,"column":5},"end":{"line":33,"column":17}}},"3":{"name":"(anonymous_3)","line":37,"loc":{"start":{"line":37,"column":24},"end":{"line":37,"column":36}}},"4":{"name":"(anonymous_4)","line":69,"loc":{"start":{"line":69,"column":31},"end":{"line":69,"column":48}},"skip":true},"5":{"name":"(anonymous_5)","line":78,"loc":{"start":{"line":78,"column":26},"end":{"line":78,"column":45}},"skip":true},"6":{"name":"(anonymous_6)","line":123,"loc":{"start":{"line":123,"column":33},"end":{"line":123,"column":48}},"skip":true},"7":{"name":"(anonymous_7)","line":125,"loc":{"start":{"line":125,"column":27},"end":{"line":125,"column":39}},"skip":true},"8":{"name":"(anonymous_8)","line":133,"loc":{"start":{"line":133,"column":59},"end":{"line":133,"column":74}},"skip":true},"9":{"name":"(anonymous_9)","line":143,"loc":{"start":{"line":143,"column":45},"end":{"line":143,"column":62}},"skip":true},"10":{"name":"(anonymous_10)","line":144,"loc":{"start":{"line":144,"column":73},"end":{"line":144,"column":92}},"skip":true},"11":{"name":"(anonymous_11)","line":272,"loc":{"start":{"line":272,"column":51},"end":{"line":272,"column":77}},"skip":true},"12":{"name":"(anonymous_12)","line":315,"loc":{"start":{"line":315,"column":32},"end":{"line":315,"column":61}},"skip":true}},"statementMap":{"1":{"start":{"line":26,"column":0},"end":{"line":326,"column":5}},"2":{"start":{"line":28,"column":4},"end":{"line":28,"column":14}},"3":{"start":{"line":33,"column":4},"end":{"line":60,"column":9}},"4":{"start":{"line":35,"column":8},"end":{"line":35,"column":19}},"5":{"start":{"line":37,"column":8},"end":{"line":49,"column":13}},"6":{"start":{"line":38,"column":12},"end":{"line":48,"column":13}},"7":{"start":{"line":39,"column":16},"end":{"line":42,"column":30}},"8":{"start":{"line":44,"column":16},"end":{"line":47,"column":27}},"9":{"start":{"line":51,"column":8},"end":{"line":53,"column":21}},"10":{"start":{"line":55,"column":8},"end":{"line":57,"column":45}},"11":{"start":{"line":59,"column":8},"end":{"line":59,"column":35}},"12":{"start":{"line":61,"column":4},"end":{"line":325,"column":5}},"13":{"start":{"line":69,"column":8},"end":{"line":121,"column":10},"skip":true},"14":{"start":{"line":70,"column":12},"end":{"line":88,"column":13},"skip":true},"15":{"start":{"line":76,"column":16},"end":{"line":87,"column":19},"skip":true},"16":{"start":{"line":79,"column":20},"end":{"line":86,"column":21},"skip":true},"17":{"start":{"line":82,"column":24},"end":{"line":82,"column":43},"skip":true},"18":{"start":{"line":83,"column":24},"end":{"line":83,"column":30},"skip":true},"19":{"start":{"line":85,"column":24},"end":{"line":85,"column":49},"skip":true},"20":{"start":{"line":89,"column":12},"end":{"line":107,"column":13},"skip":true},"21":{"start":{"line":92,"column":16},"end":{"line":102,"column":17},"skip":true},"22":{"start":{"line":93,"column":20},"end":{"line":93,"column":86},"skip":true},"23":{"start":{"line":94,"column":20},"end":{"line":95,"column":45},"skip":true},"24":{"start":{"line":96,"column":20},"end":{"line":96,"column":42},"skip":true},"25":{"start":{"line":97,"column":20},"end":{"line":97,"column":48},"skip":true},"26":{"start":{"line":100,"column":20},"end":{"line":100,"column":85},"skip":true},"27":{"start":{"line":101,"column":20},"end":{"line":101,"column":96},"skip":true},"28":{"start":{"line":103,"column":16},"end":{"line":103,"column":22},"skip":true},"29":{"start":{"line":106,"column":16},"end":{"line":106,"column":22},"skip":true},"30":{"start":{"line":108,"column":12},"end":{"line":120,"column":13},"skip":true},"31":{"start":{"line":114,"column":16},"end":{"line":119,"column":17},"skip":true},"32":{"start":{"line":116,"column":20},"end":{"line":116,"column":78},"skip":true},"33":{"start":{"line":118,"column":20},"end":{"line":118,"column":47},"skip":true},"34":{"start":{"line":123,"column":8},"end":{"line":141,"column":11},"skip":true},"35":{"start":{"line":124,"column":12},"end":{"line":124,"column":54},"skip":true},"36":{"start":{"line":125,"column":12},"end":{"line":140,"column":14},"skip":true},"37":{"start":{"line":126,"column":16},"end":{"line":126,"column":28},"skip":true},"38":{"start":{"line":127,"column":16},"end":{"line":127,"column":69},"skip":true},"39":{"start":{"line":128,"column":16},"end":{"line":128,"column":75},"skip":true},"40":{"start":{"line":129,"column":16},"end":{"line":131,"column":17},"skip":true},"41":{"start":{"line":130,"column":20},"end":{"line":130,"column":27},"skip":true},"42":{"start":{"line":133,"column":16},"end":{"line":137,"column":36},"skip":true},"43":{"start":{"line":134,"column":20},"end":{"line":136,"column":55},"skip":true},"44":{"start":{"line":139,"column":16},"end":{"line":139,"column":57},"skip":true},"45":{"start":{"line":143,"column":8},"end":{"line":147,"column":11},"skip":true},"46":{"start":{"line":144,"column":12},"end":{"line":146,"column":15},"skip":true},"47":{"start":{"line":145,"column":16},"end":{"line":145,"column":70},"skip":true},"48":{"start":{"line":149,"column":8},"end":{"line":149,"column":31},"skip":true},"49":{"start":{"line":150,"column":8},"end":{"line":150,"column":14},"skip":true},"50":{"start":{"line":158,"column":8},"end":{"line":158,"column":31},"skip":true},"51":{"start":{"line":160,"column":8},"end":{"line":160,"column":33},"skip":true},"52":{"start":{"line":161,"column":8},"end":{"line":161,"column":37},"skip":true},"53":{"start":{"line":162,"column":8},"end":{"line":162,"column":35},"skip":true},"54":{"start":{"line":164,"column":8},"end":{"line":164,"column":50},"skip":true},"55":{"start":{"line":166,"column":8},"end":{"line":256,"column":2},"skip":true},"56":{"start":{"line":258,"column":8},"end":{"line":286,"column":9},"skip":true},"57":{"start":{"line":259,"column":12},"end":{"line":269,"column":14},"skip":true},"58":{"start":{"line":271,"column":12},"end":{"line":285,"column":19},"skip":true},"59":{"start":{"line":274,"column":20},"end":{"line":274,"column":35},"skip":true},"60":{"start":{"line":275,"column":20},"end":{"line":284,"column":21},"skip":true},"61":{"start":{"line":277,"column":24},"end":{"line":277,"column":64},"skip":true},"62":{"start":{"line":279,"column":24},"end":{"line":279,"column":40},"skip":true},"63":{"start":{"line":281,"column":24},"end":{"line":281,"column":40},"skip":true},"64":{"start":{"line":283,"column":24},"end":{"line":283,"column":39},"skip":true},"65":{"start":{"line":288,"column":8},"end":{"line":290,"column":9},"skip":true},"66":{"start":{"line":289,"column":12},"end":{"line":289,"column":18},"skip":true},"67":{"start":{"line":291,"column":8},"end":{"line":293,"column":54},"skip":true},"68":{"start":{"line":296,"column":8},"end":{"line":301,"column":37},"skip":true},"69":{"start":{"line":303,"column":8},"end":{"line":303,"column":82},"skip":true},"70":{"start":{"line":306,"column":8},"end":{"line":308,"column":9},"skip":true},"71":{"start":{"line":307,"column":12},"end":{"line":307,"column":82},"skip":true},"72":{"start":{"line":310,"column":8},"end":{"line":312,"column":9},"skip":true},"73":{"start":{"line":311,"column":12},"end":{"line":311,"column":18},"skip":true},"74":{"start":{"line":313,"column":8},"end":{"line":313,"column":54},"skip":true},"75":{"start":{"line":314,"column":8},"end":{"line":314,"column":69},"skip":true},"76":{"start":{"line":315,"column":8},"end":{"line":323,"column":36},"skip":true},"77":{"start":{"line":316,"column":12},"end":{"line":316,"column":61},"skip":true},"78":{"start":{"line":317,"column":12},"end":{"line":320,"column":13},"skip":true},"79":{"start":{"line":318,"column":16},"end":{"line":318,"column":75},"skip":true},"80":{"start":{"line":319,"column":16},"end":{"line":319,"column":23},"skip":true},"81":{"start":{"line":321,"column":12},"end":{"line":321,"column":38},"skip":true},"82":{"start":{"line":322,"column":12},"end":{"line":322,"column":27},"skip":true},"83":{"start":{"line":324,"column":8},"end":{"line":324,"column":14},"skip":true}},"branchMap":{"1":{"line":39,"type":"binary-expr","locations":[{"start":{"line":39,"column":23},"end":{"line":39,"column":62}},{"start":{"line":40,"column":20},"end":{"line":40,"column":70}},{"start":{"line":41,"column":20},"end":{"line":41,"column":71}},{"start":{"line":42,"column":20},"end":{"line":42,"column":29}}]},"2":{"line":44,"type":"binary-expr","locations":[{"start":{"line":44,"column":23},"end":{"line":44,"column":37}},{"start":{"line":45,"column":20},"end":{"line":45,"column":61}},{"start":{"line":46,"column":20},"end":{"line":46,"column":70}},{"start":{"line":47,"column":20},"end":{"line":47,"column":26}}]},"3":{"line":51,"type":"cond-expr","locations":[{"start":{"line":52,"column":14},"end":{"line":52,"column":20}},{"start":{"line":53,"column":14},"end":{"line":53,"column":20}}]},"4":{"line":55,"type":"binary-expr","locations":[{"start":{"line":55,"column":16},"end":{"line":55,"column":44}},{"start":{"line":55,"column":49},"end":{"line":57,"column":43}}]},"5":{"line":55,"type":"cond-expr","locations":[{"start":{"line":56,"column":14},"end":{"line":56,"column":66}},{"start":{"line":57,"column":14},"end":{"line":57,"column":43}}]},"6":{"line":61,"type":"switch","locations":[{"start":{"line":68,"column":4},"end":{"line":150,"column":14},"skip":true},{"start":{"line":156,"column":4},"end":{"line":324,"column":14},"skip":true}]},"7":{"line":70,"type":"if","locations":[{"start":{"line":70,"column":12},"end":{"line":70,"column":12},"skip":true},{"start":{"line":70,"column":12},"end":{"line":70,"column":12},"skip":true}]},"8":{"line":70,"type":"binary-expr","locations":[{"start":{"line":70,"column":16},"end":{"line":70,"column":22},"skip":true},{"start":{"line":70,"column":27},"end":{"line":70,"column":32},"skip":true},{"start":{"line":71,"column":20},"end":{"line":71,"column":39},"skip":true},{"start":{"line":72,"column":20},"end":{"line":72,"column":49},"skip":true},{"start":{"line":73,"column":20},"end":{"line":73,"column":58},"skip":true},{"start":{"line":74,"column":20},"end":{"line":74,"column":69},"skip":true}]},"9":{"line":79,"type":"switch","locations":[{"start":{"line":80,"column":20},"end":{"line":80,"column":33},"skip":true},{"start":{"line":81,"column":20},"end":{"line":83,"column":30},"skip":true},{"start":{"line":84,"column":20},"end":{"line":85,"column":49},"skip":true}]},"10":{"line":89,"type":"switch","locations":[{"start":{"line":90,"column":12},"end":{"line":103,"column":22},"skip":true},{"start":{"line":105,"column":12},"end":{"line":106,"column":22},"skip":true}]},"11":{"line":89,"type":"binary-expr","locations":[{"start":{"line":89,"column":20},"end":{"line":89,"column":25},"skip":true},{"start":{"line":89,"column":29},"end":{"line":89,"column":48},"skip":true},{"start":{"line":89,"column":52},"end":{"line":89,"column":74},"skip":true}]},"12":{"line":92,"type":"if","locations":[{"start":{"line":92,"column":16},"end":{"line":92,"column":16},"skip":true},{"start":{"line":92,"column":16},"end":{"line":92,"column":16},"skip":true}]},"13":{"line":108,"type":"if","locations":[{"start":{"line":108,"column":12},"end":{"line":108,"column":12},"skip":true},{"start":{"line":108,"column":12},"end":{"line":108,"column":12},"skip":true}]},"14":{"line":108,"type":"binary-expr","locations":[{"start":{"line":108,"column":16},"end":{"line":108,"column":61},"skip":true},{"start":{"line":108,"column":66},"end":{"line":108,"column":72},"skip":true},{"start":{"line":108,"column":77},"end":{"line":108,"column":82},"skip":true},{"start":{"line":109,"column":20},"end":{"line":109,"column":39},"skip":true},{"start":{"line":110,"column":20},"end":{"line":110,"column":49},"skip":true},{"start":{"line":111,"column":20},"end":{"line":111,"column":58},"skip":true},{"start":{"line":112,"column":20},"end":{"line":112,"column":68},"skip":true}]},"15":{"line":129,"type":"if","locations":[{"start":{"line":129,"column":16},"end":{"line":129,"column":16},"skip":true},{"start":{"line":129,"column":16},"end":{"line":129,"column":16},"skip":true}]},"16":{"line":134,"type":"cond-expr","locations":[{"start":{"line":135,"column":26},"end":{"line":135,"column":29},"skip":true},{"start":{"line":136,"column":26},"end":{"line":136,"column":54},"skip":true}]},"17":{"line":164,"type":"binary-expr","locations":[{"start":{"line":164,"column":27},"end":{"line":164,"column":43},"skip":true},{"start":{"line":164,"column":47},"end":{"line":164,"column":49},"skip":true}]},"18":{"line":258,"type":"if","locations":[{"start":{"line":258,"column":8},"end":{"line":258,"column":8},"skip":true},{"start":{"line":258,"column":8},"end":{"line":258,"column":8},"skip":true}]},"19":{"line":275,"type":"switch","locations":[{"start":{"line":276,"column":20},"end":{"line":277,"column":64},"skip":true},{"start":{"line":278,"column":20},"end":{"line":279,"column":40},"skip":true},{"start":{"line":280,"column":20},"end":{"line":281,"column":40},"skip":true},{"start":{"line":282,"column":20},"end":{"line":283,"column":39},"skip":true}]},"20":{"line":288,"type":"if","locations":[{"start":{"line":288,"column":8},"end":{"line":288,"column":8},"skip":true},{"start":{"line":288,"column":8},"end":{"line":288,"column":8},"skip":true}]},"21":{"line":288,"type":"binary-expr","locations":[{"start":{"line":288,"column":12},"end":{"line":288,"column":40},"skip":true},{"start":{"line":288,"column":44},"end":{"line":288,"column":67},"skip":true}]},"22":{"line":292,"type":"binary-expr","locations":[{"start":{"line":292,"column":12},"end":{"line":292,"column":50},"skip":true},{"start":{"line":293,"column":12},"end":{"line":293,"column":53},"skip":true}]},"23":{"line":297,"type":"binary-expr","locations":[{"start":{"line":297,"column":12},"end":{"line":297,"column":80},"skip":true},{"start":{"line":298,"column":12},"end":{"line":301,"column":36},"skip":true}]},"24":{"line":303,"type":"binary-expr","locations":[{"start":{"line":303,"column":43},"end":{"line":303,"column":75},"skip":true},{"start":{"line":303,"column":79},"end":{"line":303,"column":81},"skip":true}]},"25":{"line":306,"type":"if","locations":[{"start":{"line":306,"column":8},"end":{"line":306,"column":8},"skip":true},{"start":{"line":306,"column":8},"end":{"line":306,"column":8},"skip":true}]},"26":{"line":310,"type":"if","locations":[{"start":{"line":310,"column":8},"end":{"line":310,"column":8},"skip":true},{"start":{"line":310,"column":8},"end":{"line":310,"column":8},"skip":true}]},"27":{"line":313,"type":"binary-expr","locations":[{"start":{"line":313,"column":27},"end":{"line":313,"column":43},"skip":true},{"start":{"line":313,"column":47},"end":{"line":313,"column":53},"skip":true}]},"28":{"line":317,"type":"if","locations":[{"start":{"line":317,"column":12},"end":{"line":317,"column":12},"skip":true},{"start":{"line":317,"column":12},"end":{"line":317,"column":12},"skip":true}]}},"code":["/*","example.js","","quickstart example","","instruction","    1. save this script as example.js","    2. run the shell command:","        $ npm install npmtest-generator-polymer-gulp && PORT=8081 node example.js","    3. play with the browser-demo on http://127.0.0.1:8081","*/","","","","/* istanbul instrument in package npmtest_generator_polymer_gulp */","/*jslint","    bitwise: true,","    browser: true,","    maxerr: 8,","    maxlen: 96,","    node: true,","    nomen: true,","    regexp: true,","    stupid: true","*/","(function () {","    'use strict';","    var local;","","","","    // run shared js-env code - pre-init","    (function () {","        // init local","        local = {};","        // init modeJs","        local.modeJs = (function () {","            try {","                return typeof navigator.userAgent === 'string' &&","                    typeof document.querySelector('body') === 'object' &&","                    typeof XMLHttpRequest.prototype.open === 'function' &&","                    'browser';","            } catch (errorCaughtBrowser) {","                return module.exports &&","                    typeof process.versions.node === 'string' &&","                    typeof require('http').createServer === 'function' &&","                    'node';","            }","        }());","        // init global","        local.global = local.modeJs === 'browser'","            ? window","            : global;","        // init utility2_rollup","        local = local.global.utility2_rollup || (local.modeJs === 'browser'","            ? local.global.utility2_npmtest_generator_polymer_gulp","            : global.utility2_moduleExports);","        // export local","        local.global.local = local;","    }());","    switch (local.modeJs) {","","","","    // post-init","    // run browser js-env code - post-init","    /* istanbul ignore next */","    case 'browser':","        local.testRunBrowser = function (event) {","            if (!event || (event &&","                    event.currentTarget &&","                    event.currentTarget.className &&","                    event.currentTarget.className.includes &&","                    event.currentTarget.className.includes('onreset'))) {","                // reset output","                Array.from(","                    document.querySelectorAll('body > .resettable')","                ).forEach(function (element) {","                    switch (element.tagName) {","                    case 'INPUT':","                    case 'TEXTAREA':","                        element.value = '';","                        break;","                    default:","                        element.textContent = '';","                    }","                });","            }","            switch (event && event.currentTarget && event.currentTarget.id) {","            case 'testRunButton1':","                // show tests","                if (document.querySelector('#testReportDiv1').style.display === 'none') {","                    document.querySelector('#testReportDiv1').style.display = 'block';","                    document.querySelector('#testRunButton1').textContent =","                        'hide internal test';","                    local.modeTest = true;","                    local.testRunDefault(local);","                // hide tests","                } else {","                    document.querySelector('#testReportDiv1').style.display = 'none';","                    document.querySelector('#testRunButton1').textContent = 'run internal test';","                }","                break;","            // custom-case","            default:","                break;","            }","            if (document.querySelector('#inputTextareaEval1') && (!event || (event &&","                    event.currentTarget &&","                    event.currentTarget.className &&","                    event.currentTarget.className.includes &&","                    event.currentTarget.className.includes('oneval')))) {","                // try to eval input-code","                try {","                    /*jslint evil: true*/","                    eval(document.querySelector('#inputTextareaEval1').value);","                } catch (errorCaught) {","                    console.error(errorCaught);","                }","            }","        };","        // log stderr and stdout to #outputTextareaStdout1","        ['error', 'log'].forEach(function (key) {","            console[key + '_original'] = console[key];","            console[key] = function () {","                var element;","                console[key + '_original'].apply(console, arguments);","                element = document.querySelector('#outputTextareaStdout1');","                if (!element) {","                    return;","                }","                // append text to #outputTextareaStdout1","                element.value += Array.from(arguments).map(function (arg) {","                    return typeof arg === 'string'","                        ? arg","                        : JSON.stringify(arg, null, 4);","                }).join(' ') + '\\n';","                // scroll textarea to bottom","                element.scrollTop = element.scrollHeight;","            };","        });","        // init event-handling","        ['change', 'click', 'keyup'].forEach(function (event) {","            Array.from(document.querySelectorAll('.on' + event)).forEach(function (element) {","                element.addEventListener(event, local.testRunBrowser);","            });","        });","        // run tests","        local.testRunBrowser();","        break;","","","","    // run node js-env code - post-init","    /* istanbul ignore next */","    case 'node':","        // export local","        module.exports = local;","        // require modules","        local.fs = require('fs');","        local.http = require('http');","        local.url = require('url');","        // init assets","        local.assetsDict = local.assetsDict || {};","        /* jslint-ignore-begin */","        local.assetsDict['/assets.index.template.html'] = '\\","<!doctype html>\\n\\","<html lang=\"en\">\\n\\","<head>\\n\\","<meta charset=\"UTF-8\">\\n\\","<meta name=\"viewport\" content=\"width=device-width, initial-scale=1\">\\n\\","<title>{{env.npm_package_name}} (v{{env.npm_package_version}})</title>\\n\\","<style>\\n\\","/*csslint\\n\\","    box-sizing: false,\\n\\","    universal-selector: false\\n\\","*/\\n\\","* {\\n\\","    box-sizing: border-box;\\n\\","}\\n\\","body {\\n\\","    background: #dde;\\n\\","    font-family: Arial, Helvetica, sans-serif;\\n\\","    margin: 2rem;\\n\\","}\\n\\","body > * {\\n\\","    margin-bottom: 1rem;\\n\\","}\\n\\",".utility2FooterDiv {\\n\\","    margin-top: 20px;\\n\\","    text-align: center;\\n\\","}\\n\\","</style>\\n\\","<style>\\n\\","/*csslint\\n\\","*/\\n\\","textarea {\\n\\","    font-family: monospace;\\n\\","    height: 10rem;\\n\\","    width: 100%;\\n\\","}\\n\\","textarea[readonly] {\\n\\","    background: #ddd;\\n\\","}\\n\\","</style>\\n\\","</head>\\n\\","<body>\\n\\","<!-- utility2-comment\\n\\","<div id=\"ajaxProgressDiv1\" style=\"background: #d00; height: 2px; left: 0; margin: 0; padding: 0; position: fixed; top: 0; transition: background 0.5s, width 1.5s; width: 25%;\"></div>\\n\\","utility2-comment -->\\n\\","<h1>\\n\\","<!-- utility2-comment\\n\\","    <a\\n\\","        {{#if env.npm_package_homepage}}\\n\\","        href=\"{{env.npm_package_homepage}}\"\\n\\","        {{/if env.npm_package_homepage}}\\n\\","        target=\"_blank\"\\n\\","    >\\n\\","utility2-comment -->\\n\\","        {{env.npm_package_name}} (v{{env.npm_package_version}})\\n\\","<!-- utility2-comment\\n\\","    </a>\\n\\","utility2-comment -->\\n\\","</h1>\\n\\","<h3>{{env.npm_package_description}}</h3>\\n\\","<!-- utility2-comment\\n\\","<h4><a download href=\"assets.app.js\">download standalone app</a></h4>\\n\\","<button class=\"onclick onreset\" id=\"testRunButton1\">run internal test</button><br>\\n\\","<div id=\"testReportDiv1\" style=\"display: none;\"></div>\\n\\","utility2-comment -->\\n\\","\\n\\","\\n\\","\\n\\","<label>stderr and stdout</label>\\n\\","<textarea class=\"resettable\" id=\"outputTextareaStdout1\" readonly></textarea>\\n\\","<!-- utility2-comment\\n\\","{{#if isRollup}}\\n\\","<script src=\"assets.app.js\"></script>\\n\\","{{#unless isRollup}}\\n\\","utility2-comment -->\\n\\","<script src=\"assets.utility2.rollup.js\"></script>\\n\\","<script src=\"jsonp.utility2._stateInit?callback=window.utility2._stateInit\"></script>\\n\\","<script src=\"assets.npmtest_generator_polymer_gulp.rollup.js\"></script>\\n\\","<script src=\"assets.example.js\"></script>\\n\\","<script src=\"assets.test.js\"></script>\\n\\","<!-- utility2-comment\\n\\","{{/if isRollup}}\\n\\","utility2-comment -->\\n\\","<div class=\"utility2FooterDiv\">\\n\\","    [ this app was created with\\n\\","    <a href=\"https://github.com/kaizhu256/node-utility2\" target=\"_blank\">utility2</a>\\n\\","    ]\\n\\","</div>\\n\\","</body>\\n\\","</html>\\n\\","';","        /* jslint-ignore-end */","        if (local.templateRender) {","            local.assetsDict['/'] = local.templateRender(","                local.assetsDict['/assets.index.template.html'],","                {","                    env: local.objectSetDefault(local.env, {","                        npm_package_description: 'the greatest app in the world!',","                        npm_package_name: 'my-app',","                        npm_package_nameAlias: 'my_app',","                        npm_package_version: '0.0.1'","                    })","                }","            );","        } else {","            local.assetsDict['/'] = local.assetsDict['/assets.index.template.html']","                .replace((/\\{\\{env\\.(\\w+?)\\}\\}/g), function (match0, match1) {","                    // jslint-hack","                    String(match0);","                    switch (match1) {","                    case 'npm_package_description':","                        return 'the greatest app in the world!';","                    case 'npm_package_name':","                        return 'my-app';","                    case 'npm_package_nameAlias':","                        return 'my_app';","                    case 'npm_package_version':","                        return '0.0.1';","                    }","                });","        }","        // run the cli","        if (local.global.utility2_rollup || module !== require.main) {","            break;","        }","        local.assetsDict['/assets.example.js'] =","            local.assetsDict['/assets.example.js'] ||","            local.fs.readFileSync(__filename, 'utf8');","        // bug-workaround - long $npm_package_buildCustomOrg","        /* jslint-ignore-begin */","        local.assetsDict['/assets.npmtest_generator_polymer_gulp.rollup.js'] =","            local.assetsDict['/assets.npmtest_generator_polymer_gulp.rollup.js'] ||","            local.fs.readFileSync(","                local.npmtest_generator_polymer_gulp.__dirname + '/lib.npmtest_generator_polymer_gulp.js',","                'utf8'","            ).replace((/^#!/), '//');","        /* jslint-ignore-end */","        local.assetsDict['/favicon.ico'] = local.assetsDict['/favicon.ico'] || '';","        // if $npm_config_timeout_exit exists,","        // then exit this process after $npm_config_timeout_exit ms","        if (Number(process.env.npm_config_timeout_exit)) {","            setTimeout(process.exit, Number(process.env.npm_config_timeout_exit));","        }","        // start server","        if (local.global.utility2_serverHttp1) {","            break;","        }","        process.env.PORT = process.env.PORT || '8081';","        console.error('server starting on port ' + process.env.PORT);","        local.http.createServer(function (request, response) {","            request.urlParsed = local.url.parse(request.url);","            if (local.assetsDict[request.urlParsed.pathname] !== undefined) {","                response.end(local.assetsDict[request.urlParsed.pathname]);","                return;","            }","            response.statusCode = 404;","            response.end();","        }).listen(process.env.PORT);","        break;","    }","}());",""],"l":{"26":2,"28":2,"33":2,"35":2,"37":2,"38":2,"39":2,"44":1,"51":2,"55":2,"59":2,"61":2,"69":1,"70":2,"76":2,"79":2,"82":2,"83":2,"85":1,"89":2,"92":1,"93":1,"94":1,"96":1,"97":1,"100":1,"101":1,"103":1,"106":1,"108":2,"114":1,"116":1,"118":1,"123":1,"124":2,"125":2,"126":3,"127":3,"128":3,"129":3,"130":1,"133":3,"134":3,"139":3,"143":1,"144":3,"145":1,"149":1,"150":1,"158":1,"160":1,"161":1,"162":1,"164":1,"166":1,"258":1,"259":1,"271":1,"274":6,"275":6,"277":1,"279":2,"281":1,"283":2,"288":1,"289":1,"291":1,"296":1,"303":1,"306":1,"307":1,"310":1,"311":1,"313":1,"314":1,"315":1,"316":1,"317":1,"318":1,"319":1,"321":1,"322":1,"324":1}},"/home/travis/build/npmtest/node-npmtest-generator-polymer-gulp/node_modules/generator-polymer-gulp/app/index.js":{"path":"/home/travis/build/npmtest/node-npmtest-generator-polymer-gulp/node_modules/generator-polymer-gulp/app/index.js","s":{"1":1,"2":1,"3":1,"4":1,"5":1,"6":1,"7":0,"8":0,"9":0,"10":0,"11":0,"12":0,"13":0,"14":0,"15":0,"16":0,"17":0,"18":0,"19":0,"20":0,"21":0,"22":0,"23":0,"24":0,"25":0,"26":0,"27":0,"28":0,"29":0,"30":0,"31":0,"32":0,"33":0,"34":0,"35":0,"36":0,"37":0,"38":0,"39":0,"40":0,"41":0,"42":0,"43":0,"44":0,"45":0,"46":0,"47":0,"48":0,"49":0,"50":0,"51":1},"b":{"1":[0,0],"2":[0,0],"3":[0,0]},"f":{"1":0,"2":0,"3":0,"4":0,"5":0,"6":0,"7":0,"8":0,"9":0,"10":0,"11":0,"12":0},"fnMap":{"1":{"name":"(anonymous_1)","line":9,"loc":{"start":{"line":9,"column":8},"end":{"line":9,"column":20}}},"2":{"name":"(anonymous_2)","line":13,"loc":{"start":{"line":13,"column":19},"end":{"line":13,"column":31}}},"3":{"name":"(anonymous_3)","line":20,"loc":{"start":{"line":20,"column":10},"end":{"line":20,"column":22}}},"4":{"name":"(anonymous_4)","line":32,"loc":{"start":{"line":32,"column":12},"end":{"line":32,"column":27}}},"5":{"name":"(anonymous_5)","line":37,"loc":{"start":{"line":37,"column":12},"end":{"line":37,"column":27}}},"6":{"name":"(anonymous_6)","line":44,"loc":{"start":{"line":44,"column":12},"end":{"line":44,"column":27}}},"7":{"name":"(anonymous_7)","line":50,"loc":{"start":{"line":50,"column":12},"end":{"line":50,"column":27}}},"8":{"name":"(anonymous_8)","line":56,"loc":{"start":{"line":56,"column":12},"end":{"line":56,"column":27}}},"9":{"name":"(anonymous_9)","line":63,"loc":{"start":{"line":63,"column":25},"end":{"line":63,"column":42}}},"10":{"name":"(anonymous_10)","line":76,"loc":{"start":{"line":76,"column":7},"end":{"line":76,"column":19}}},"11":{"name":"(anonymous_11)","line":88,"loc":{"start":{"line":88,"column":33},"end":{"line":88,"column":56}}},"12":{"name":"(anonymous_12)","line":107,"loc":{"start":{"line":107,"column":16},"end":{"line":107,"column":28}}}},"statementMap":{"1":{"start":{"line":2,"column":0},"end":{"line":2,"column":27}},"2":{"start":{"line":3,"column":0},"end":{"line":3,"column":27}},"3":{"start":{"line":4,"column":0},"end":{"line":4,"column":41}},"4":{"start":{"line":5,"column":0},"end":{"line":5,"column":29}},"5":{"start":{"line":6,"column":0},"end":{"line":6,"column":29}},"6":{"start":{"line":8,"column":0},"end":{"line":118,"column":3}},"7":{"start":{"line":11,"column":4},"end":{"line":11,"column":54}},"8":{"start":{"line":13,"column":4},"end":{"line":17,"column":7}},"9":{"start":{"line":14,"column":6},"end":{"line":16,"column":7}},"10":{"start":{"line":15,"column":8},"end":{"line":15,"column":35}},"11":{"start":{"line":21,"column":4},"end":{"line":21,"column":28}},"12":{"start":{"line":24,"column":4},"end":{"line":24,"column":126}},"13":{"start":{"line":26,"column":4},"end":{"line":26,"column":51}},"14":{"start":{"line":27,"column":4},"end":{"line":61,"column":7}},"15":{"start":{"line":32,"column":28},"end":{"line":32,"column":40}},"16":{"start":{"line":37,"column":28},"end":{"line":37,"column":40}},"17":{"start":{"line":44,"column":28},"end":{"line":44,"column":40}},"18":{"start":{"line":50,"column":28},"end":{"line":50,"column":51}},"19":{"start":{"line":56,"column":28},"end":{"line":56,"column":52}},"20":{"start":{"line":63,"column":4},"end":{"line":73,"column":18}},"21":{"start":{"line":64,"column":6},"end":{"line":64,"column":47}},"22":{"start":{"line":65,"column":6},"end":{"line":65,"column":61}},"23":{"start":{"line":66,"column":6},"end":{"line":66,"column":41}},"24":{"start":{"line":67,"column":6},"end":{"line":71,"column":7}},"25":{"start":{"line":68,"column":8},"end":{"line":68,"column":107}},"26":{"start":{"line":70,"column":8},"end":{"line":70,"column":55}},"27":{"start":{"line":72,"column":6},"end":{"line":72,"column":13}},"28":{"start":{"line":78,"column":4},"end":{"line":78,"column":63}},"29":{"start":{"line":80,"column":4},"end":{"line":80,"column":23}},"30":{"start":{"line":81,"column":4},"end":{"line":81,"column":23}},"31":{"start":{"line":82,"column":4},"end":{"line":82,"column":40}},"32":{"start":{"line":83,"column":4},"end":{"line":83,"column":45}},"33":{"start":{"line":84,"column":4},"end":{"line":84,"column":44}},"34":{"start":{"line":85,"column":4},"end":{"line":85,"column":44}},"35":{"start":{"line":86,"column":4},"end":{"line":86,"column":44}},"36":{"start":{"line":88,"column":4},"end":{"line":94,"column":17}},"37":{"start":{"line":89,"column":6},"end":{"line":89,"column":25}},"38":{"start":{"line":90,"column":6},"end":{"line":93,"column":7}},"39":{"start":{"line":91,"column":8},"end":{"line":91,"column":31}},"40":{"start":{"line":92,"column":8},"end":{"line":92,"column":57}},"41":{"start":{"line":96,"column":4},"end":{"line":104,"column":7}},"42":{"start":{"line":108,"column":4},"end":{"line":108,"column":49}},"43":{"start":{"line":109,"column":4},"end":{"line":109,"column":47}},"44":{"start":{"line":110,"column":4},"end":{"line":110,"column":51}},"45":{"start":{"line":111,"column":4},"end":{"line":111,"column":42}},"46":{"start":{"line":112,"column":4},"end":{"line":112,"column":47}},"47":{"start":{"line":113,"column":4},"end":{"line":113,"column":39}},"48":{"start":{"line":114,"column":4},"end":{"line":114,"column":41}},"49":{"start":{"line":115,"column":4},"end":{"line":115,"column":49}},"50":{"start":{"line":116,"column":4},"end":{"line":116,"column":43}},"51":{"start":{"line":120,"column":0},"end":{"line":120,"column":38}}},"branchMap":{"1":{"line":14,"type":"if","locations":[{"start":{"line":14,"column":6},"end":{"line":14,"column":6}},{"start":{"line":14,"column":6},"end":{"line":14,"column":6}}]},"2":{"line":67,"type":"if","locations":[{"start":{"line":67,"column":6},"end":{"line":67,"column":6}},{"start":{"line":67,"column":6},"end":{"line":67,"column":6}}]},"3":{"line":70,"type":"binary-expr","locations":[{"start":{"line":70,"column":29},"end":{"line":70,"column":48}},{"start":{"line":70,"column":52},"end":{"line":70,"column":54}}]}},"code":["'use strict';","var util = require('util');","var path = require('path');","var yeoman = require('yeoman-generator');","var yosay = require('yosay');","var chalk = require('chalk');","","var PolymerGulpGenerator = yeoman.generators.Base.extend({","  init: function () {","","    this.bowerComponentsDir = 'lib/.bower_components';","","    this.on('end', function () {","      if (!this.options['skip-install']) {","        this.installDependencies();","      }","    });","  },","","  askFor: function () {","    var done = this.async();","","    // Have Yeoman greet the user.","    this.log(yosay(chalk.white('Let me scaffold a', chalk.magenta(' polymer component'), chalk.white(' template for you!'))));","","    var defaultName = path.basename(process.cwd());","    var prompts = [{","      name: 'componentName',","      message: 'What is your component\\'s name',","      default: defaultName","    },{","      when: function(props){return true;},","      name: 'componentDescription',","      message: 'Please provide a short description for your component',","      default: \"Awesome stuff, the modular and interoperable way\"","    },{","      when: function(props){return true;},","      name: 'sassOrScss',","      message: 'Sass or Scss, this is the question',","      type: 'rawlist',","      choices: ['sass', 'scss'],","      default: 0","    },{","      when: function(props){return true;},","      type: 'confirm',","      name: 'useGithub',","      message: 'Would you like to use github for this component?',","      default: true","    },{","      when: function(props){return props.useGithub;},","      type: 'input',","      name: 'ghUser',","      message: 'Could you please provide me with your github username ?',","      default: 'aGithubUserName'","    },{","      when: function(props){return !props.useGithub;},","      type: 'input',","      name: 'componentPage',","      message: 'Please provide me with a specific reference page for this component ? (optional)',","      default: ''","    }];","","    this.prompt(prompts, function (props) {","      this.componentName = props.componentName;","      this.componentDescription = props.componentDescription;","      this.sassOrScss = props.sassOrScss;","      if(props.useGithub){","        this.componentPage = 'http://' + props.ghUser + '.github.io/' + this._.slugify(this.componentName);","      }else{","        this.componentPage = props.componentPage || \"\";","      }","      done();","    }.bind(this));","  },","","  app: function () {","    // name for core component files (html, css, js)","    var componentFileName = this._.slugify(this.componentName);","","    var srcDir = 'app';","    this.mkdir(srcDir);","    var componentRootDir = srcDir + '/';","    this.mkdir(componentRootDir + 'scripts');","    this.mkdir(componentRootDir + 'images');","    this.mkdir(componentRootDir + 'public');","    this.mkdir(componentRootDir + 'styles');","","    var copyToComponentRootDir = function(arrayOfArrays){","      var ary = [\"\", \"\"];","      for(var i=0;i<arrayOfArrays.length;i++){","        ary = arrayOfArrays[i];","        this.template(ary[0], componentRootDir + ary[1]);","      }","    }.bind(this);","","    copyToComponentRootDir([","      ['app/_component.html', componentFileName + '.html'],","      ['app/_index.html', 'index.html'],","      ['app/_demo.html', 'demo.html'],","      ['app/styles/_component.' + this.sassOrScss, 'styles/' + componentFileName + '.' + this.sassOrScss],","      ['app/styles/components/_components.' + this.sassOrScss, 'styles/components/components.' + this.sassOrScss],","      ['app/scripts/_component.js', 'scripts/' + componentFileName + '.js'],","      ['app/scripts/components/_components.js', 'scripts/components/components.js']","    ]);","  },","","  projectfiles: function () {","    this.template('_gulpfile.js', 'gulpfile.js');","    this.template('_bower.json', 'bower.json');","    this.template('_package.json', 'package.json');","    this.template('_bowerrc', '.bowerrc');","    this.copy('editorconfig', '.editorconfig');","    this.copy('jshintrc', '.jshintrc');","    this.copy('gitignore', '.gitignore');","    this.copy('gitattributes', '.gitattributes');","    this.copy('travis.yml', '.travis.yml');","  }","});","","module.exports = PolymerGulpGenerator;",""],"l":{"2":1,"3":1,"4":1,"5":1,"6":1,"8":1,"11":0,"13":0,"14":0,"15":0,"21":0,"24":0,"26":0,"27":0,"32":0,"37":0,"44":0,"50":0,"56":0,"63":0,"64":0,"65":0,"66":0,"67":0,"68":0,"70":0,"72":0,"78":0,"80":0,"81":0,"82":0,"83":0,"84":0,"85":0,"86":0,"88":0,"89":0,"90":0,"91":0,"92":0,"96":0,"108":0,"109":0,"110":0,"111":0,"112":0,"113":0,"114":0,"115":0,"116":0,"120":1}},"/home/travis/build/npmtest/node-npmtest-generator-polymer-gulp/node_modules/generator-polymer-gulp/app/templates/_gulpfile.js":{"path":"/home/travis/build/npmtest/node-npmtest-generator-polymer-gulp/node_modules/generator-polymer-gulp/app/templates/_gulpfile.js","s":{"1":2,"2":2,"3":2,"4":0,"5":0,"6":0,"7":0,"8":0,"9":0,"10":0,"11":0,"12":0,"13":0,"14":0,"15":0,"16":0,"17":0,"18":0,"19":0,"20":0,"21":0,"22":0,"23":0,"24":0,"25":0,"26":0,"27":0,"28":0,"29":0,"30":0,"31":0,"32":0,"33":0,"34":0,"35":0,"36":0,"37":0,"38":0,"39":0,"40":0,"41":0,"42":0,"43":0,"44":0,"45":0,"46":0,"47":0,"48":0,"49":0,"50":0,"51":0,"52":0,"53":0,"54":0,"55":0,"56":0,"57":0,"58":0,"59":0,"60":0,"61":0,"62":0,"63":0,"64":0,"65":0,"66":0,"67":0,"68":0,"69":0,"70":0,"71":0,"72":0,"73":0,"74":0,"75":0,"76":0,"77":0,"78":0,"79":0,"80":0,"81":0,"82":0,"83":0,"84":0,"85":0,"86":0,"87":0,"88":0,"89":0,"90":0,"91":0,"92":0,"93":0,"94":0,"95":0,"96":0,"97":0,"98":0,"99":0,"100":0,"101":0,"102":0,"103":0,"104":0,"105":0,"106":0,"107":0,"108":0,"109":0,"110":0,"111":0,"112":0,"113":0,"114":0,"115":0,"116":0,"117":0,"118":0,"119":0,"120":0,"121":0,"122":0,"123":0,"124":0,"125":0,"126":0,"127":0,"128":0,"129":0,"130":0,"131":0,"132":0,"133":0,"134":0,"135":0,"136":0,"137":0,"138":0,"139":0,"140":0,"141":0,"142":0,"143":0,"144":0,"145":0,"146":0,"147":0,"148":0,"149":0,"150":0,"151":0,"152":0,"153":0,"154":0,"155":0,"156":0,"157":0,"158":0,"159":0,"160":0,"161":0,"162":0,"163":0,"164":0,"165":0,"166":0,"167":0,"168":0,"169":0,"170":0,"171":0,"172":0},"b":{"1":[0,0],"2":[0,0],"3":[0,0],"4":[0,0],"5":[0,0],"6":[0,0],"7":[0,0],"8":[0,0],"9":[0,0]},"f":{"1":0,"2":0,"3":0,"4":0,"5":0,"6":0,"7":0,"8":0,"9":0,"10":0,"11":0,"12":0,"13":0,"14":0,"15":0,"16":0,"17":0,"18":0,"19":0,"20":0,"21":0,"22":0,"23":0,"24":0,"25":0,"26":0,"27":0,"28":0,"29":0,"30":0,"31":0,"32":0,"33":0,"34":0,"35":0,"36":0,"37":0,"38":0,"39":0,"40":0,"41":0,"42":0,"43":0,"44":0,"45":0,"46":0,"47":0,"48":0,"49":0,"50":0,"51":0,"52":0,"53":0,"54":0,"55":0,"56":0,"57":0,"58":0,"59":0,"60":0,"61":0,"62":0,"63":0,"64":0,"65":0,"66":0,"67":0,"68":0,"69":0,"70":0,"71":0},"fnMap":{"1":{"name":"(anonymous_1)","line":23,"loc":{"start":{"line":23,"column":13},"end":{"line":23,"column":36}}},"2":{"name":"(anonymous_2)","line":32,"loc":{"start":{"line":32,"column":1},"end":{"line":32,"column":16}}},"3":{"name":"(anonymous_3)","line":34,"loc":{"start":{"line":34,"column":22},"end":{"line":34,"column":34}}},"4":{"name":"(anonymous_4)","line":38,"loc":{"start":{"line":38,"column":31},"end":{"line":38,"column":43}}},"5":{"name":"(anonymous_5)","line":43,"loc":{"start":{"line":43,"column":15},"end":{"line":43,"column":25}}},"6":{"name":"(anonymous_6)","line":55,"loc":{"start":{"line":55,"column":1},"end":{"line":55,"column":16}}},"7":{"name":"(anonymous_7)","line":57,"loc":{"start":{"line":57,"column":48},"end":{"line":57,"column":59}}},"8":{"name":"(anonymous_8)","line":61,"loc":{"start":{"line":61,"column":48},"end":{"line":61,"column":59}}},"9":{"name":"(anonymous_9)","line":68,"loc":{"start":{"line":68,"column":58},"end":{"line":68,"column":69}}},"10":{"name":"(anonymous_10)","line":72,"loc":{"start":{"line":72,"column":52},"end":{"line":72,"column":63}}},"11":{"name":"(anonymous_11)","line":76,"loc":{"start":{"line":76,"column":37},"end":{"line":76,"column":47}}},"12":{"name":"(anonymous_12)","line":78,"loc":{"start":{"line":78,"column":41},"end":{"line":78,"column":65}}},"13":{"name":"(anonymous_13)","line":98,"loc":{"start":{"line":98,"column":26},"end":{"line":98,"column":39}}},"14":{"name":"(anonymous_14)","line":100,"loc":{"start":{"line":100,"column":34},"end":{"line":100,"column":58}}},"15":{"name":"(anonymous_15)","line":119,"loc":{"start":{"line":119,"column":18},"end":{"line":119,"column":36}}},"16":{"name":"(anonymous_16)","line":142,"loc":{"start":{"line":142,"column":1},"end":{"line":142,"column":16}}},"17":{"name":"(anonymous_17)","line":144,"loc":{"start":{"line":144,"column":26},"end":{"line":144,"column":38}}},"18":{"name":"(anonymous_18)","line":149,"loc":{"start":{"line":149,"column":35},"end":{"line":149,"column":47}}},"19":{"name":"(anonymous_19)","line":155,"loc":{"start":{"line":155,"column":30},"end":{"line":155,"column":42}}},"20":{"name":"(anonymous_20)","line":160,"loc":{"start":{"line":160,"column":22},"end":{"line":160,"column":34}}},"21":{"name":"(anonymous_21)","line":165,"loc":{"start":{"line":165,"column":22},"end":{"line":165,"column":34}}},"22":{"name":"(anonymous_22)","line":180,"loc":{"start":{"line":180,"column":1},"end":{"line":180,"column":16}}},"23":{"name":"(anonymous_23)","line":182,"loc":{"start":{"line":182,"column":26},"end":{"line":182,"column":38}}},"24":{"name":"(anonymous_24)","line":187,"loc":{"start":{"line":187,"column":35},"end":{"line":187,"column":47}}},"25":{"name":"(anonymous_25)","line":193,"loc":{"start":{"line":193,"column":30},"end":{"line":193,"column":42}}},"26":{"name":"(anonymous_26)","line":198,"loc":{"start":{"line":198,"column":22},"end":{"line":198,"column":34}}},"27":{"name":"(anonymous_27)","line":203,"loc":{"start":{"line":203,"column":22},"end":{"line":203,"column":34}}},"28":{"name":"(anonymous_28)","line":214,"loc":{"start":{"line":214,"column":1},"end":{"line":214,"column":16}}},"29":{"name":"(anonymous_29)","line":216,"loc":{"start":{"line":216,"column":26},"end":{"line":216,"column":38}}},"30":{"name":"(anonymous_30)","line":221,"loc":{"start":{"line":221,"column":35},"end":{"line":221,"column":47}}},"31":{"name":"(anonymous_31)","line":228,"loc":{"start":{"line":228,"column":30},"end":{"line":228,"column":40}}},"32":{"name":"(anonymous_32)","line":232,"loc":{"start":{"line":232,"column":36},"end":{"line":232,"column":46}}},"33":{"name":"(anonymous_33)","line":234,"loc":{"start":{"line":234,"column":32},"end":{"line":234,"column":56}}},"34":{"name":"(anonymous_34)","line":250,"loc":{"start":{"line":250,"column":20},"end":{"line":250,"column":30}}},"35":{"name":"(anonymous_35)","line":252,"loc":{"start":{"line":252,"column":19},"end":{"line":252,"column":33}}},"36":{"name":"(anonymous_36)","line":270,"loc":{"start":{"line":270,"column":1},"end":{"line":270,"column":16}}},"37":{"name":"(anonymous_37)","line":272,"loc":{"start":{"line":272,"column":23},"end":{"line":272,"column":35}}},"38":{"name":"(anonymous_38)","line":276,"loc":{"start":{"line":276,"column":32},"end":{"line":276,"column":44}}},"39":{"name":"(anonymous_39)","line":281,"loc":{"start":{"line":281,"column":27},"end":{"line":281,"column":39}}},"40":{"name":"(anonymous_40)","line":285,"loc":{"start":{"line":285,"column":33},"end":{"line":285,"column":46}}},"41":{"name":"(anonymous_41)","line":298,"loc":{"start":{"line":298,"column":1},"end":{"line":298,"column":16}}},"42":{"name":"(anonymous_42)","line":300,"loc":{"start":{"line":300,"column":24},"end":{"line":300,"column":34}}},"43":{"name":"(anonymous_43)","line":304,"loc":{"start":{"line":304,"column":81},"end":{"line":304,"column":91}}},"44":{"name":"(anonymous_44)","line":309,"loc":{"start":{"line":309,"column":16},"end":{"line":309,"column":26}}},"45":{"name":"(anonymous_45)","line":320,"loc":{"start":{"line":320,"column":1},"end":{"line":320,"column":16}}},"46":{"name":"(anonymous_46)","line":322,"loc":{"start":{"line":322,"column":22},"end":{"line":322,"column":32}}},"47":{"name":"(anonymous_47)","line":349,"loc":{"start":{"line":349,"column":6},"end":{"line":349,"column":16}}},"48":{"name":"(anonymous_48)","line":355,"loc":{"start":{"line":355,"column":34},"end":{"line":355,"column":44}}},"49":{"name":"(anonymous_49)","line":361,"loc":{"start":{"line":361,"column":17},"end":{"line":361,"column":31}}},"50":{"name":"(anonymous_50)","line":372,"loc":{"start":{"line":372,"column":4},"end":{"line":372,"column":14}}},"51":{"name":"(anonymous_51)","line":376,"loc":{"start":{"line":376,"column":31},"end":{"line":376,"column":41}}},"52":{"name":"(anonymous_52)","line":388,"loc":{"start":{"line":388,"column":1},"end":{"line":388,"column":16}}},"53":{"name":"(anonymous_53)","line":390,"loc":{"start":{"line":390,"column":35},"end":{"line":390,"column":49}}},"54":{"name":"(anonymous_54)","line":393,"loc":{"start":{"line":393,"column":29},"end":{"line":393,"column":43}}},"55":{"name":"(anonymous_55)","line":396,"loc":{"start":{"line":396,"column":28},"end":{"line":396,"column":42}}},"56":{"name":"(anonymous_56)","line":407,"loc":{"start":{"line":407,"column":1},"end":{"line":407,"column":16}}},"57":{"name":"(anonymous_57)","line":409,"loc":{"start":{"line":409,"column":47},"end":{"line":409,"column":59}}},"58":{"name":"(anonymous_58)","line":431,"loc":{"start":{"line":431,"column":1},"end":{"line":431,"column":16}}},"59":{"name":"(anonymous_59)","line":433,"loc":{"start":{"line":433,"column":34},"end":{"line":433,"column":46}}},"60":{"name":"(anonymous_60)","line":439,"loc":{"start":{"line":439,"column":36},"end":{"line":439,"column":48}}},"61":{"name":"(anonymous_61)","line":454,"loc":{"start":{"line":454,"column":50},"end":{"line":454,"column":62}}},"62":{"name":"(anonymous_62)","line":464,"loc":{"start":{"line":464,"column":31},"end":{"line":464,"column":41}}},"63":{"name":"(anonymous_63)","line":471,"loc":{"start":{"line":471,"column":35},"end":{"line":471,"column":45}}},"64":{"name":"(anonymous_64)","line":480,"loc":{"start":{"line":480,"column":28},"end":{"line":480,"column":38}}},"65":{"name":"(anonymous_65)","line":487,"loc":{"start":{"line":487,"column":33},"end":{"line":487,"column":43}}},"66":{"name":"(anonymous_66)","line":495,"loc":{"start":{"line":495,"column":29},"end":{"line":495,"column":39}}},"67":{"name":"(anonymous_67)","line":502,"loc":{"start":{"line":502,"column":34},"end":{"line":502,"column":44}}},"68":{"name":"(anonymous_68)","line":508,"loc":{"start":{"line":508,"column":46},"end":{"line":508,"column":72}}},"69":{"name":"(anonymous_69)","line":512,"loc":{"start":{"line":512,"column":18},"end":{"line":512,"column":34}}},"70":{"name":"(anonymous_70)","line":520,"loc":{"start":{"line":520,"column":18},"end":{"line":520,"column":34}}},"71":{"name":"(anonymous_71)","line":533,"loc":{"start":{"line":533,"column":1},"end":{"line":533,"column":16}}}},"statementMap":{"1":{"start":{"line":3,"column":0},"end":{"line":3,"column":38}},"2":{"start":{"line":4,"column":0},"end":{"line":4,"column":38}},"3":{"start":{"line":6,"column":0},"end":{"line":6,"column":38}},"4":{"start":{"line":7,"column":0},"end":{"line":7,"column":53}},"5":{"start":{"line":8,"column":0},"end":{"line":8,"column":46}},"6":{"start":{"line":10,"column":0},"end":{"line":10,"column":40}},"7":{"start":{"line":11,"column":0},"end":{"line":11,"column":46}},"8":{"start":{"line":12,"column":0},"end":{"line":12,"column":41}},"9":{"start":{"line":13,"column":0},"end":{"line":13,"column":37}},"10":{"start":{"line":14,"column":0},"end":{"line":14,"column":48}},"11":{"start":{"line":16,"column":0},"end":{"line":16,"column":20}},"12":{"start":{"line":17,"column":0},"end":{"line":17,"column":22}},"13":{"start":{"line":18,"column":0},"end":{"line":18,"column":34}},"14":{"start":{"line":19,"column":0},"end":{"line":19,"column":30}},"15":{"start":{"line":20,"column":0},"end":{"line":20,"column":35}},"16":{"start":{"line":21,"column":0},"end":{"line":21,"column":29}},"17":{"start":{"line":23,"column":0},"end":{"line":26,"column":2}},"18":{"start":{"line":24,"column":2},"end":{"line":25,"column":34}},"19":{"start":{"line":32,"column":0},"end":{"line":49,"column":9}},"20":{"start":{"line":34,"column":2},"end":{"line":36,"column":5}},"21":{"start":{"line":35,"column":4},"end":{"line":35,"column":20}},"22":{"start":{"line":38,"column":2},"end":{"line":41,"column":5}},"23":{"start":{"line":39,"column":4},"end":{"line":40,"column":39}},"24":{"start":{"line":43,"column":2},"end":{"line":47,"column":16}},"25":{"start":{"line":44,"column":4},"end":{"line":46,"column":47}},"26":{"start":{"line":55,"column":0},"end":{"line":136,"column":9}},"27":{"start":{"line":57,"column":2},"end":{"line":59,"column":5}},"28":{"start":{"line":58,"column":4},"end":{"line":58,"column":59}},"29":{"start":{"line":61,"column":2},"end":{"line":66,"column":5}},"30":{"start":{"line":62,"column":4},"end":{"line":65,"column":23}},"31":{"start":{"line":68,"column":2},"end":{"line":70,"column":5}},"32":{"start":{"line":69,"column":4},"end":{"line":69,"column":68}},"33":{"start":{"line":72,"column":2},"end":{"line":74,"column":4}},"34":{"start":{"line":73,"column":4},"end":{"line":73,"column":56}},"35":{"start":{"line":76,"column":2},"end":{"line":96,"column":5}},"36":{"start":{"line":77,"column":4},"end":{"line":77,"column":82}},"37":{"start":{"line":78,"column":4},"end":{"line":82,"column":6}},"38":{"start":{"line":79,"column":6},"end":{"line":81,"column":7}},"39":{"start":{"line":80,"column":8},"end":{"line":80,"column":38}},"40":{"start":{"line":84,"column":4},"end":{"line":95,"column":5}},"41":{"start":{"line":90,"column":6},"end":{"line":94,"column":7}},"42":{"start":{"line":91,"column":8},"end":{"line":91,"column":32}},"43":{"start":{"line":93,"column":8},"end":{"line":93,"column":39}},"44":{"start":{"line":98,"column":2},"end":{"line":117,"column":16}},"45":{"start":{"line":99,"column":4},"end":{"line":99,"column":71}},"46":{"start":{"line":100,"column":4},"end":{"line":104,"column":6}},"47":{"start":{"line":101,"column":6},"end":{"line":103,"column":7}},"48":{"start":{"line":102,"column":8},"end":{"line":102,"column":38}},"49":{"start":{"line":106,"column":4},"end":{"line":116,"column":43}},"50":{"start":{"line":119,"column":2},"end":{"line":134,"column":16}},"51":{"start":{"line":120,"column":4},"end":{"line":120,"column":74}},"52":{"start":{"line":121,"column":4},"end":{"line":133,"column":44}},"53":{"start":{"line":142,"column":0},"end":{"line":174,"column":9}},"54":{"start":{"line":144,"column":2},"end":{"line":147,"column":5}},"55":{"start":{"line":145,"column":4},"end":{"line":146,"column":22}},"56":{"start":{"line":149,"column":2},"end":{"line":153,"column":5}},"57":{"start":{"line":150,"column":4},"end":{"line":152,"column":22}},"58":{"start":{"line":155,"column":2},"end":{"line":158,"column":5}},"59":{"start":{"line":156,"column":4},"end":{"line":157,"column":26}},"60":{"start":{"line":160,"column":2},"end":{"line":163,"column":16}},"61":{"start":{"line":161,"column":4},"end":{"line":162,"column":45}},"62":{"start":{"line":165,"column":2},"end":{"line":172,"column":16}},"63":{"start":{"line":166,"column":4},"end":{"line":171,"column":46}},"64":{"start":{"line":180,"column":0},"end":{"line":208,"column":9}},"65":{"start":{"line":182,"column":2},"end":{"line":185,"column":5}},"66":{"start":{"line":183,"column":4},"end":{"line":184,"column":22}},"67":{"start":{"line":187,"column":2},"end":{"line":191,"column":5}},"68":{"start":{"line":188,"column":4},"end":{"line":190,"column":22}},"69":{"start":{"line":193,"column":2},"end":{"line":196,"column":5}},"70":{"start":{"line":194,"column":4},"end":{"line":195,"column":26}},"71":{"start":{"line":198,"column":2},"end":{"line":201,"column":16}},"72":{"start":{"line":199,"column":4},"end":{"line":200,"column":45}},"73":{"start":{"line":203,"column":2},"end":{"line":206,"column":16}},"74":{"start":{"line":204,"column":4},"end":{"line":205,"column":46}},"75":{"start":{"line":214,"column":0},"end":{"line":264,"column":9}},"76":{"start":{"line":216,"column":2},"end":{"line":219,"column":5}},"77":{"start":{"line":217,"column":4},"end":{"line":218,"column":22}},"78":{"start":{"line":221,"column":2},"end":{"line":226,"column":5}},"79":{"start":{"line":222,"column":4},"end":{"line":225,"column":22}},"80":{"start":{"line":228,"column":2},"end":{"line":230,"column":4}},"81":{"start":{"line":229,"column":4},"end":{"line":229,"column":55}},"82":{"start":{"line":232,"column":2},"end":{"line":247,"column":5}},"83":{"start":{"line":233,"column":4},"end":{"line":233,"column":23}},"84":{"start":{"line":234,"column":4},"end":{"line":241,"column":6}},"85":{"start":{"line":235,"column":6},"end":{"line":235,"column":20}},"86":{"start":{"line":236,"column":6},"end":{"line":240,"column":7}},"87":{"start":{"line":237,"column":8},"end":{"line":237,"column":29}},"88":{"start":{"line":238,"column":8},"end":{"line":239,"column":40}},"89":{"start":{"line":239,"column":10},"end":{"line":239,"column":40}},"90":{"start":{"line":243,"column":4},"end":{"line":246,"column":31}},"91":{"start":{"line":250,"column":2},"end":{"line":262,"column":16}},"92":{"start":{"line":251,"column":4},"end":{"line":261,"column":44}},"93":{"start":{"line":253,"column":12},"end":{"line":253,"column":46}},"94":{"start":{"line":254,"column":12},"end":{"line":254,"column":34}},"95":{"start":{"line":270,"column":0},"end":{"line":292,"column":9}},"96":{"start":{"line":272,"column":2},"end":{"line":274,"column":5}},"97":{"start":{"line":273,"column":4},"end":{"line":273,"column":42}},"98":{"start":{"line":276,"column":2},"end":{"line":279,"column":5}},"99":{"start":{"line":277,"column":4},"end":{"line":278,"column":48}},"100":{"start":{"line":281,"column":2},"end":{"line":283,"column":5}},"101":{"start":{"line":282,"column":4},"end":{"line":282,"column":43}},"102":{"start":{"line":285,"column":2},"end":{"line":290,"column":16}},"103":{"start":{"line":286,"column":4},"end":{"line":286,"column":64}},"104":{"start":{"line":287,"column":4},"end":{"line":287,"column":48}},"105":{"start":{"line":288,"column":4},"end":{"line":289,"column":38}},"106":{"start":{"line":298,"column":0},"end":{"line":314,"column":9}},"107":{"start":{"line":300,"column":2},"end":{"line":302,"column":5}},"108":{"start":{"line":301,"column":4},"end":{"line":301,"column":21}},"109":{"start":{"line":304,"column":2},"end":{"line":307,"column":5}},"110":{"start":{"line":305,"column":4},"end":{"line":306,"column":48}},"111":{"start":{"line":309,"column":2},"end":{"line":312,"column":4}},"112":{"start":{"line":310,"column":4},"end":{"line":311,"column":31}},"113":{"start":{"line":320,"column":0},"end":{"line":382,"column":9}},"114":{"start":{"line":322,"column":2},"end":{"line":353,"column":4}},"115":{"start":{"line":342,"column":4},"end":{"line":352,"column":6}},"116":{"start":{"line":350,"column":8},"end":{"line":350,"column":50}},"117":{"start":{"line":355,"column":2},"end":{"line":368,"column":5}},"118":{"start":{"line":356,"column":4},"end":{"line":367,"column":37}},"119":{"start":{"line":362,"column":8},"end":{"line":362,"column":42}},"120":{"start":{"line":363,"column":8},"end":{"line":363,"column":47}},"121":{"start":{"line":370,"column":2},"end":{"line":373,"column":4}},"122":{"start":{"line":372,"column":16},"end":{"line":372,"column":28}},"123":{"start":{"line":375,"column":2},"end":{"line":378,"column":5}},"124":{"start":{"line":377,"column":4},"end":{"line":377,"column":47}},"125":{"start":{"line":380,"column":2},"end":{"line":380,"column":34}},"126":{"start":{"line":388,"column":0},"end":{"line":401,"column":9}},"127":{"start":{"line":390,"column":2},"end":{"line":392,"column":5}},"128":{"start":{"lin
[...]
":10}},"166":{"start":{"line":513,"column":8},"end":{"line":513,"column":68}},"167":{"start":{"line":514,"column":8},"end":{"line":514,"column":50}},"168":{"start":{"line":515,"column":8},"end":{"line":515,"column":35}},"169":{"start":{"line":516,"column":8},"end":{"line":517,"column":50}},"170":{"start":{"line":521,"column":8},"end":{"line":523,"column":47}},"171":{"start":{"line":533,"column":0},"end":{"line":541,"column":9}},"172":{"start":{"line":535,"column":2},"end":{"line":539,"column":6}}},"branchMap":{"1":{"line":90,"type":"if","locations":[{"start":{"line":90,"column":6},"end":{"line":90,"column":6}},{"start":{"line":90,"column":6},"end":{"line":90,"column":6}}]},"2":{"line":108,"type":"cond-expr","locations":[{"start":{"line":108,"column":40},"end":{"line":108,"column":45}},{"start":{"line":108,"column":48},"end":{"line":108,"column":52}}]},"3":{"line":238,"type":"if","locations":[{"start":{"line":238,"column":8},"end":{"line":238,"column":8}},{"start":{"line":238,"column":8},"end":{"line":238,"column":8}}]},"4":{"line":287,"type":"cond-expr","locations":[{"start":{"line":287,"column":31},"end":{"line":287,"column":37}},{"start":{"line":287,"column":40},"end":{"line":287,"column":47}}]},"5":{"line":345,"type":"binary-expr","locations":[{"start":{"line":345,"column":6},"end":{"line":345,"column":18}},{"start":{"line":345,"column":22},"end":{"line":345,"column":42}}]},"6":{"line":346,"type":"binary-expr","locations":[{"start":{"line":346,"column":6},"end":{"line":346,"column":18}},{"start":{"line":346,"column":22},"end":{"line":346,"column":42}}]},"7":{"line":347,"type":"binary-expr","locations":[{"start":{"line":347,"column":6},"end":{"line":347,"column":18}},{"start":{"line":347,"column":22},"end":{"line":347,"column":42}}]},"8":{"line":348,"type":"binary-expr","locations":[{"start":{"line":348,"column":6},"end":{"line":348,"column":18}},{"start":{"line":348,"column":22},"end":{"line":348,"column":42}}]},"9":{"line":363,"type":"binary-expr","locations":[{"start":{"line":363,"column":15},"end":{"line":363,"column":28}},{"start":{"line":363,"column":32},"end":{"line":363,"column":46}}]}},"code":["'use strict';","","var glob            = require('glob');","var path            = require('path');","","var gulp            = require('gulp');","var $               = require('gulp-load-plugins')();","var runSequence     = require('run-sequence');","","var rimraf          = require('rimraf');","var browserSync     = require('browser-sync');","var reload          = browserSync.reload;","var pagespeed       = require('psi');","var stylishReporter = require('jshint-stylish');","","var tmpDir = '_tmp';","var distDir = '_dist';","var vulcanizedDir = '_vulcanized';","var vulcanizedDirBase = 'raw';","var vulcanizedDirInline = 'inline';","var vulcanizedDirCsp = 'csp';","","var sizeOf = function(stream, title){","  return stream","    .pipe($.size({title: title}));","};","","// --------------------------------------------------------","// Lint JavaScript","// --------------------------------------------------------","","(function(scope){","","  gulp.task('jshint', function () {","    return jshint();","  });","","  gulp.task('jshint:breaking', function () {","    return jshint()","      .pipe($.jshint.reporter('fail'));","  });","","  var jshint = function(){","    return gulp.src('app/scripts/**/*.js')","      .pipe($.jshint())","      .pipe($.jshint.reporter(stylishReporter))","  }.bind(scope);","","})(this);","","// --------------------------------------------------------","// Build JavaScript","// --------------------------------------------------------","","(function(scope){","","  gulp.task('scripts:dev', ['jshint:breaking'], function() {","    return sizeOf(scriptsBrowserify('dev'), 'scripts:dev');","  });","","  gulp.task('p-scripts:dev:reload', ['jshint'], function() {","    return sizeOf(","      scriptsBrowserify('dev')","        .pipe(reload({stream: true, once: true}))","      , 'scripts:dev');","  });","","  gulp.task('p-scripts:pre:package', ['jshint:breaking'], function() {","    return sizeOf(scriptsBrowserify('prod'), 'scripts:pre:package');","  });","","  gulp.task('scripts:package', ['jshint:breaking'], function() {","    return scope.htmlPackage(['p-scripts:package:now']);","  })","","  gulp.task('p-scripts:package:now', function(){","    var jsBundles = [distDir + '/scripts/<%= _.slugify(componentName) %>.min.js'];","    glob(distDir + '/scripts/**/*-b.js', function(er, filesArray){","      for(var i=0;i<filesArray.length;i++){","        jsBundles.push(filesArray[i]);","      }","    })","","    for(var i=0;i<jsBundles.length;i++){","      // FIXME","      // inelegant way of returning something","      // for run-sequence - we return the last one","      // as we want to iterate over each found path","      // to retrieve filename and pass it to closure compiler","      if(i<jsBundles-1){","        compileJS(jsBundles[i]);","      }else{","        return compileJS(jsBundles[i]);","      }","    }","  });","","  var scriptsBrowserify = function(env){","    var jsBundles = ['app/scripts/<%= _.slugify(componentName) %>.js'];","    glob('app/scripts/**/*-b.js', function(er, filesArray){","      for(var i=0;i<filesArray.length;i++){","        jsBundles.push(filesArray[i]);","      }","    })","    // Single point of entry (make sure not to src ALL your files, browserify will figure it out)","    return gulp.src(jsBundles)","      .pipe($.browserify({","        insertGlobals: env === 'prod' ? false : true,","        debug: false","      }))","","      // Preprocess","      .pipe($.preprocess({context: {ENV: env}}))","","      // Output it to tmp folder","      .pipe(gulp.dest(tmpDir + '/scripts'))","  }.bind(scope);","","  var compileJS = function(filepath){","    var currentFilename = path.basename(filepath, path.extname(filepath));","    return gulp.src(filepath)","      .pipe($.stripDebug())","      .pipe($.closureCompiler({","        compilerPath    : 'lib/.bower_components/closure-compiler/compiler.jar',","        fileName        : currentFilename + '.js',","        compilerFlags   : {","          warning_level : 'QUIET'","          //, language_in      : 'ECMASCRIPT5_STRICT'","        }","      }))","      .pipe(gulp.dest(distDir + '/scripts'))","      .pipe($.zopfli())","      .pipe(gulp.dest(distDir + '/scripts'))","  }.bind(scope);","","})(this);","","// --------------------------------------------------------","// Build Images","// --------------------------------------------------------","","(function(scope){","","  gulp.task('images:dev', function () {","    return sizeOf(imagesSymlink()","      , 'images:dev');","  });","","  gulp.task('p-images:dev:reload', function () {","    return sizeOf(imagesSymlink()","      .pipe(reload({stream: true, once: true}))","      , 'images:dev');","  });","","  gulp.task('images:package', function () {","    return sizeOf(imagesPackage()","      , 'images:package');","  });","","  var imagesSymlink = function () {","    return gulp.src('app/images/**/*')","        .pipe($.symlink(tmpDir + '/images'));","  }.bind(scope);;","","  var imagesPackage = function () {","    return gulp.src('app/images/**/*')","        .pipe($.cache($.imagemin({","            progressive: true,","            interlaced: true","        })))","        .pipe(gulp.dest(distDir + '/images'));","  }.bind(scope);","","})(this);","","// --------------------------------------------------------","// Build Public folder","// --------------------------------------------------------","","(function(scope){","","  gulp.task('public:dev', function () {","    return sizeOf(publicSymlink()","      , 'public:dev');","  });","","  gulp.task('p-public:dev:reload', function () {","    return sizeOf(publicSymlink()","      .pipe(reload({stream: true, once: true}))","      , 'public:dev');","  });","","  gulp.task('public:package', function () {","    return sizeOf(publicPackage()","      , 'public:package');","  });","","  var publicSymlink = function () {","    return gulp.src('app/public/**/*')","        .pipe($.symlink(tmpDir + '/public'));","  }.bind(scope);;","","  var publicPackage = function () {","    return gulp.src('app/public/**/*')","        .pipe(gulp.dest(distDir + '/public'));","  }.bind(scope);","","})(this);","","// --------------------------------------------------------","// Build Css","// --------------------------------------------------------","","(function(scope){","","  gulp.task('styles:dev', function () {","    return sizeOf(stylesBuild()","      , 'styles:dev');","  });","","  gulp.task('p-styles:dev:reload', function () {","    return sizeOf(stylesBuild()","      .pipe($.filter('**/*.css')) // Filtering stream to only css files","      .pipe(reload({stream: true, once: true}))","      , 'styles:dev');","  });","","  gulp.task('styles:package', function(){","    return scope.htmlPackage(['p-styles:package:now']);","  })","","  gulp.task('p-styles:package:now', function(){","    var htmlFiles = [];","    glob(tmpDir + '/**/*.html', function(er, filesArray){","      var file = \"\";","      for(var i=0;i<filesArray.length;i++){","        file = filesArray[i];","        if(!file.match(new RegExp('^' + distDir + '/lib')))","          htmlFiles.push(filesArray[i]);","      }","    })","    // uncss and minify used css in distDir","    return gulp.src(distDir + '/styles/**/*.css', {base: distDir + '/'})","      .pipe($.uncss({ html: htmlFiles }))","      .pipe($.csso())","      .pipe(gulp.dest(distDir))","  });","","  // Compile all other css && sass Files","  var stylesBuild = function(){","    return gulp.src(['app/styles/**/*.{css,scss,sass}'])","        .pipe($.if(function(file){","            var ext = path.extname(file.path);","            return ext !== '.css';","          }, $.rubySass({","              style: 'expanded',","              precision: 10,","              loadPath: ['app/styles']","        })))","        .pipe($.autoprefixer('last 1 version'))","        .pipe(gulp.dest(tmpDir + '/styles'))","  }.bind(scope);","","})(this);","","// --------------------------------------------------------","// Send external libs to lib","// --------------------------------------------------------","","(function(scope){","","  gulp.task('lib:dev', function () {","    return copyBowerComponentsToLib('dev')","  });","","  gulp.task('p-lib:dev:reload', function () {","    return copyBowerComponentsToLib('dev')","      .pipe(reload({stream: true, once: true}));","  });","","  gulp.task('lib:package', function () {","    return copyBowerComponentsToLib('prod')","  });","","  var copyBowerComponentsToLib = function(env){","    var src = ['lib/.bower_components/**/*.{css,js,html,swf}*'];","    var dest = env === 'dev' ? tmpDir : distDir;","    return gulp.src(src)","      .pipe(gulp.dest(dest + '/lib'));","  }.bind(scope);","","})(this);","","// --------------------------------------------------------","// Send html to tmpDir","// --------------------------------------------------------","","(function(scope){","","  gulp.task('html:dev', function(){","    return htmlDev();","  });","","  gulp.task('p-html:dev:reload', ['p-images:dev:reload', 'p-public:dev:reload'], function(){","    return htmlDev()","      .pipe(reload({stream: true, once: true}));","  });","","  var htmlDev = function(){","    return gulp.src('app/**/*.html')","      .pipe(gulp.dest(tmpDir));","  };","","})(this);","","// --------------------------------------------------------","// Package html and used css / js","// --------------------------------------------------------","","(function(scope){","","  scope.htmlPackage = function(){","","    // *inelegant*","    // We want to use useref parse html and","    // build only assets (css, js) needed in prod","    // into distDir","    // Useref will basically build/copy assets based","    // on prebuilt assets in tmpDir","    // What if we need to prebuild assets differently","    // for prod and dev (ex with browserify being passed","    // different params in dev and prod).","    // What we do here is prebuilding assets with a prod","    // flag instead of dev","    // Then we execute useref","    // And when we are done we reprebuild everything","    // for dev so that there is no surprise to find prod","    // assets in tmpDir when in development","    // NB: Once we have executed useref, we have the correct","    // in distDir and we are not dependent of files in tmpDir for","    // further build steps","    runSequence(","      'p-assets:prepare:package',","      ['p-html:package:now','lib:package'],","      arguments[0] || 'p-dummy-do:nothing',","      arguments[1] || 'p-dummy-do:nothing',","      arguments[2] || 'p-dummy-do:nothing',","      arguments[3] || 'p-dummy-do:nothing',","      function(){","        return gulp.start('p-assets:prepare:dev');","      }","    );","  };","","  gulp.task('p-html:package:now', function(){","    return gulp.src(tmpDir + '/**/*.html')","      .pipe($.useref.assets({searchPath: tmpDir}))","      .pipe($.useref.restore())","      .pipe($.useref())","      // Minify HTML","      .pipe($.if(function(file){","        var ext = path.extname(file.path);","        return ext !== '.js' && ext !== '.css';","      }, $.minifyHtml()))","      // output","      .pipe(gulp.dest(distDir))","      .pipe($.size({title: 'html'}));","  });","","  gulp.task('p-assets:prepare:dev', [ 'html:dev', 'styles:dev', 'images:dev', 'public:dev', 'lib:dev',","    'scripts:dev' ],","    function(){ return true; }","  );","","  gulp.task('p-assets:prepare:package', [ 'html:dev', 'styles:dev', 'images:dev', 'public:dev', 'lib:dev',","    'p-scripts:pre:package' ], function(){","    return gulp.start('p-scripts:pre:package');","  });","","  gulp.task('p-dummy-do:nothing');","","})(this);","","// --------------------------------------------------------","// Clean Output Directory","// --------------------------------------------------------","","(function(scope){","","  gulp.task('clean:vulcanizedDir', function (cb) {","      rimraf(vulcanizedDir, cb);","  });","  gulp.task('clean:distDir', function (cb) {","      rimraf(distDir, cb);","  });","  gulp.task('clean:tmpDir', function (cb) {","      rimraf(tmpDir, cb);","  });","  gulp.task('clean', ['clean:tmpDir', 'clean:distDir','clean:vulcanizedDir']);","","})(this);","","// --------------------------------------------------------","// Create server, Watch Files For Changes & Reload","// --------------------------------------------------------","","(function(scope){","","  gulp.task('serve', ['p-assets:prepare:dev'], function () {","      browserSync.init(null, {","          server: {","              baseDir: [tmpDir]","          },","          notify: false","      });","","      gulp.watch(['app/**/*.html']                            , ['p-html:dev:reload']);","      gulp.watch(['app/styles/**/*.{css,scss,sass}']          , ['p-styles:dev:reload']);","      gulp.watch(['app/scripts/**/*.js']                      , ['p-scripts:dev:reload']);","      gulp.watch(['app/images/**/*.*']                        , ['p-images:dev:reload']);","      gulp.watch(['app/public/**/*.*']                        , ['p-public:dev:reload']);","      gulp.watch(['lib/.bower_components/**/*.{css,js,html}'] , ['p-lib:dev:reload']);","  });","","})(this);","","// --------------------------------------------------------","// Build Prod files & Vulcanized Polymer","// --------------------------------------------------------","","(function(scope){","","  gulp.task('default', ['clean'], function () {","    runSequence(","      ['vulcanize','p-copy-bower-to-dist']","    );","  });","","  gulp.task('p-copy-bower-to-dist', function () {","    return gulp.src('bower.json')","      .pipe(gulp.dest(distDir + '/'));","  });","","  var assetsPackageTasks = [","    'p-styles:package:now',","    'p-scripts:package:now',","    'images:package',","    'public:package',","    'lib:package'","  ];","","  var destDir = distDir + '/' + vulcanizedDir + '/';","","  gulp.task('vulcanize', ['clean:vulcanizedDir'], function () {","    return scope.htmlPackage(","      assetsPackageTasks,","      'vulcanize:inline:now',","      'vulcanize:base:now',","      'vulcanize:csp:now'","    );","  });","","  // vulcanize in inline mode","  gulp.task('vulcanize:inline',function(){","    return scope.htmlPackage(","      assetsPackageTasks,","      'vulcanize:inline:now'","    );","  });","","  gulp.task('vulcanize:inline:now',function(){","    return gulp.src(distDir + '/<%= _.slugify(componentName) %>.html', {base: distDir + '/'})","      .pipe($.vulcanize({","        dest: destDir + vulcanizedDirInline + '/',","        inline: true","      }));","  });","","  // vulcanize in csp mode","  gulp.task('vulcanize:csp',function(){","    return scope.htmlPackage(","      assetsPackageTasks,","      'vulcanize:csp:now'","    );","  });","","  gulp.task('vulcanize:csp:now', function(){","    return vulcanizeWithExternalScriptsAndStyles({","      dest: destDir + vulcanizedDirCsp + '/',","      csp: true","    });","  });","","  // vulcanize in standard mode","  gulp.task('vulcanize:base',function(){","    return scope.htmlPackage(","      assetsPackageTasks,","      'vulcanize:base:now'","    );","  });","","  gulp.task('vulcanize:base:now', function(){","    return vulcanizeWithExternalScriptsAndStyles({","      dest: destDir + vulcanizedDirBase + '/'","    });","  });","","  var vulcanizeWithExternalScriptsAndStyles = function(vulcanizeOptions){","    return gulp.src(tmpDir + '/<%= _.slugify(componentName) %>.html')","      // add needed css and js","      .pipe($.useref.assets({searchPath: tmpDir}))","      .pipe($.tap(function(file,t){","        var pathS = file.path.split(new RegExp('/' + tmpDir + '/'));","        var base = pathS[0] + '/' + distDir + '/';","        var path = base + pathS[1];","        return gulp.src(path, {base: base})","          .pipe(gulp.dest(vulcanizeOptions.dest));","      }))","      .pipe($.useref.restore())","      .pipe($.tap(function(file,t){","        return gulp.src(distDir + '/<%= _.slugify(componentName) %>.html', {base: distDir + '/'})","          .pipe(gulp.dest(vulcanizeOptions.dest))","          .pipe($.vulcanize(vulcanizeOptions));","      }));","  };","","})(this);","","// --------------------------------------------------------","// PageSpeed","// --------------------------------------------------------","","(function(scope){","","  gulp.task('pagespeed', pagespeed.bind(null, {","      // key: 'YOUR_API_KEY' // http://goo.gl/RkN0vE","      url: 'https://please.update.me',","      strategy: 'mobile'","  }));","","})(this);",""],"l":{"3":2,"4":2,"6":2,"7":0,"8":0,"10":0,"11":0,"12":0,"13":0,"14":0,"16":0,"17":0,"18":0,"19":0,"20":0,"21":0,"23":0,"24":0,"32":0,"34":0,"35":0,"38":0,"39":0,"43":0,"44":0,"55":0,"57":0,"58":0,"61":0,"62":0,"68":0,"69":0,"72":0,"73":0,"76":0,"77":0,"78":0,"79":0,"80":0,"84":0,"90":0,"91":0,"93":0,"98":0,"99":0,"100":0,"101":0,"102":0,"106":0,"119":0,"120":0,"121":0,"142":0,"144":0,"145":0,"149":0,"150":0,"155":0,"156":0,"160":0,"161":0,"165":0,"166":0,"180":0,"182":0,"183":0,"187":0,"188":0,"193":0,"194":0,"198":0,"199":0,"203":0,"204":0,"214":0,"216":0,"217":0,"221":0,"222":0,"228":0,"229":0,"232":0,"233":0,"234":0,"235":0,"236":0,"237":0,"238":0,"239":0,"243":0,"250":0,"251":0,"253":0,"254":0,"270":0,"272":0,"273":0,"276":0,"277":0,"281":0,"282":0,"285":0,"286":0,"287":0,"288":0,"298":0,"300":0,"301":0,"304":0,"305":0,"309":0,"310":0,"320":0,"322":0,"342":0,"350":0,"355":0,"356":0,"362":0,"363":0,"370":0,"372":0,"375":0,"377":0,"380":0,"388":0,"390":0,"391":0,"393":0,"394":0,"396":0,"397":0,"399":0,"407":0,"409":0,"410":0,"417":0,"418":0,"419":0,"420":0,"421":0,"422":0,"431":0,"433":0,"434":0,"439":0,"440":0,"444":0,"452":0,"454":0,"455":0,"464":0,"465":0,"471":0,"472":0,"480":0,"481":0,"487":0,"488":0,"495":0,"496":0,"502":0,"503":0,"508":0,"509":0,"513":0,"514":0,"515":0,"516":0,"521":0,"533":0,"535":0}}}